The system is: Linux - 3.11.0-19-generic - x86_64
Compiling the C compiler identification source file "CMakeCCompilerId.c" succeeded.
Compiler: /usr/bin/cc 
Build flags: 
Id flags: 

The output was:
0


Compilation of the C compiler identification source "CMakeCCompilerId.c" produced "a.out"

The C compiler identification is GNU, found in "/home/hainan/Dropbox/Graphics/assistance/Wave-CPP/CMakeFiles/2.8.11.2/CompilerIdC/a.out"

Compiling the CXX compiler identification source file "CMakeCXXCompilerId.cpp" succeeded.
Compiler: /usr/bin/c++ 
Build flags: 
Id flags: 

The output was:
0


Compilation of the CXX compiler identification source "CMakeCXXCompilerId.cpp" produced "a.out"

The CXX compiler identification is GNU, found in "/home/hainan/Dropbox/Graphics/assistance/Wave-CPP/CMakeFiles/2.8.11.2/CompilerIdCXX/a.out"

Determining if the C compiler works passed with the following output:
Change Dir: /home/hainan/Dropbox/Graphics/assistance/Wave-CPP/CMakeFiles/CMakeTmp

Run Build Command:/usr/bin/make "cmTryCompileExec3037021070/fast"
make[1]: Entering directory `/home/hainan/Dropbox/Graphics/assistance/Wave-CPP/CMakeFiles/CMakeTmp'
/usr/bin/make -f CMakeFiles/cmTryCompileExec3037021070.dir/build.make CMakeFiles/cmTryCompileExec3037021070.dir/build
make[2]: Entering directory `/home/hainan/Dropbox/Graphics/assistance/Wave-CPP/CMakeFiles/CMakeTmp'
/usr/bin/cmake -E cmake_progress_report /home/hainan/Dropbox/Graphics/assistance/Wave-CPP/CMakeFiles/CMakeTmp/CMakeFiles 1
Building C object CMakeFiles/cmTryCompileExec3037021070.dir/testCCompiler.c.o
/usr/bin/cc    -o CMakeFiles/cmTryCompileExec3037021070.dir/testCCompiler.c.o   -c /home/hainan/Dropbox/Graphics/assistance/Wave-CPP/CMakeFiles/CMakeTmp/testCCompiler.c
Linking C executable cmTryCompileExec3037021070
/usr/bin/cmake -E cmake_link_script CMakeFiles/cmTryCompileExec3037021070.dir/link.txt --verbose=1
/usr/bin/cc         CMakeFiles/cmTryCompileExec3037021070.dir/testCCompiler.c.o  -o cmTryCompileExec3037021070 -rdynamic 
make[2]: Leaving directory `/home/hainan/Dropbox/Graphics/assistance/Wave-CPP/CMakeFiles/CMakeTmp'
make[1]: Leaving directory `/home/hainan/Dropbox/Graphics/assistance/Wave-CPP/CMakeFiles/CMakeTmp'


Detecting C compiler ABI info compiled with the following output:
Change Dir: /home/hainan/Dropbox/Graphics/assistance/Wave-CPP/CMakeFiles/CMakeTmp

Run Build Command:/usr/bin/make "cmTryCompileExec4219916208/fast"
make[1]: Entering directory `/home/hainan/Dropbox/Graphics/assistance/Wave-CPP/CMakeFiles/CMakeTmp'
/usr/bin/make -f CMakeFiles/cmTryCompileExec4219916208.dir/build.make CMakeFiles/cmTryCompileExec4219916208.dir/build
make[2]: Entering directory `/home/hainan/Dropbox/Graphics/assistance/Wave-CPP/CMakeFiles/CMakeTmp'
/usr/bin/cmake -E cmake_progress_report /home/hainan/Dropbox/Graphics/assistance/Wave-CPP/CMakeFiles/CMakeTmp/CMakeFiles 1
Building C object CMakeFiles/cmTryCompileExec4219916208.dir/CMakeCCompilerABI.c.o
/usr/bin/cc    -o CMakeFiles/cmTryCompileExec4219916208.dir/CMakeCCompilerABI.c.o   -c /usr/share/cmake-2.8/Modules/CMakeCCompilerABI.c
Linking C executable cmTryCompileExec4219916208
/usr/bin/cmake -E cmake_link_script CMakeFiles/cmTryCompileExec4219916208.dir/link.txt --verbose=1
/usr/bin/cc       -v CMakeFiles/cmTryCompileExec4219916208.dir/CMakeCCompilerABI.c.o  -o cmTryCompileExec4219916208 -rdynamic  
Using built-in specs.
COLLECT_GCC=/usr/bin/cc
COLLECT_LTO_WRAPPER=/usr/lib/gcc/x86_64-linux-gnu/4.8/lto-wrapper
Target: x86_64-linux-gnu
Configured with: ../src/configure -v --with-pkgversion='Ubuntu/Linaro 4.8.1-10ubuntu9' --with-bugurl=file:///usr/share/doc/gcc-4.8/README.Bugs --enable-languages=c,c++,java,go,d,fortran,objc,obj-c++ --prefix=/usr --program-suffix=-4.8 --enable-shared --enable-linker-build-id --libexecdir=/usr/lib --without-included-gettext --enable-threads=posix --with-gxx-include-dir=/usr/include/c++/4.8 --libdir=/usr/lib --enable-nls --with-sysroot=/ --enable-clocale=gnu --enable-libstdcxx-debug --enable-libstdcxx-time=yes --enable-gnu-unique-object --enable-plugin --with-system-zlib --disable-browser-plugin --enable-java-awt=gtk --enable-gtk-cairo --with-java-home=/usr/lib/jvm/java-1.5.0-gcj-4.8-amd64/jre --enable-java-home --with-jvm-root-dir=/usr/lib/jvm/java-1.5.0-gcj-4.8-amd64 --with-jvm-jar-dir=/usr/lib/jvm-exports/java-1.5.0-gcj-4.8-amd64 --with-arch-directory=amd64 --with-ecj-jar=/usr/share/java/eclipse-ecj.jar --enable-objc-gc --enable-multiarch --disable-werror --with-arch-32=i686 --with-abi=m64 --with-multilib-list=m32,m64,mx32 --with-tune=generic --enable-checking=release --build=x86_64-linux-gnu --host=x86_64-linux-gnu --target=x86_64-linux-gnu
Thread model: posix
gcc version 4.8.1 (Ubuntu/Linaro 4.8.1-10ubuntu9) 
COMPILER_PATH=/usr/lib/gcc/x86_64-linux-gnu/4.8/:/usr/lib/gcc/x86_64-linux-gnu/4.8/:/usr/lib/gcc/x86_64-linux-gnu/:/usr/lib/gcc/x86_64-linux-gnu/4.8/:/usr/lib/gcc/x86_64-linux-gnu/
LIBRARY_PATH=/usr/lib/gcc/x86_64-linux-gnu/4.8/:/usr/lib/gcc/x86_64-linux-gnu/4.8/../../../x86_64-linux-gnu/:/usr/lib/gcc/x86_64-linux-gnu/4.8/../../../../lib/:/lib/x86_64-linux-gnu/:/lib/../lib/:/usr/lib/x86_64-linux-gnu/:/usr/lib/../lib/:/usr/lib/gcc/x86_64-linux-gnu/4.8/../../../:/lib/:/usr/lib/
COLLECT_GCC_OPTIONS='-v' '-o' 'cmTryCompileExec4219916208' '-rdynamic' '-mtune=generic' '-march=x86-64'
 /usr/lib/gcc/x86_64-linux-gnu/4.8/collect2 --sysroot=/ --build-id --eh-frame-hdr -m elf_x86_64 --hash-style=gnu --as-needed -export-dynamic -dynamic-linker /lib64/ld-linux-x86-64.so.2 -z relro -o cmTryCompileExec4219916208 /usr/lib/gcc/x86_64-linux-gnu/4.8/../../../x86_64-linux-gnu/crt1.o /usr/lib/gcc/x86_64-linux-gnu/4.8/../../../x86_64-linux-gnu/crti.o /usr/lib/gcc/x86_64-linux-gnu/4.8/crtbegin.o -L/usr/lib/gcc/x86_64-linux-gnu/4.8 -L/usr/lib/gcc/x86_64-linux-gnu/4.8/../../../x86_64-linux-gnu -L/usr/lib/gcc/x86_64-linux-gnu/4.8/../../../../lib -L/lib/x86_64-linux-gnu -L/lib/../lib -L/usr/lib/x86_64-linux-gnu -L/usr/lib/../lib -L/usr/lib/gcc/x86_64-linux-gnu/4.8/../../.. CMakeFiles/cmTryCompileExec4219916208.dir/CMakeCCompilerABI.c.o -lgcc --as-needed -lgcc_s --no-as-needed -lc -lgcc --as-needed -lgcc_s --no-as-needed /usr/lib/gcc/x86_64-linux-gnu/4.8/crtend.o /usr/lib/gcc/x86_64-linux-gnu/4.8/../../../x86_64-linux-gnu/crtn.o
make[2]: Leaving directory `/home/hainan/Dropbox/Graphics/assistance/Wave-CPP/CMakeFiles/CMakeTmp'
make[1]: Leaving directory `/home/hainan/Dropbox/Graphics/assistance/Wave-CPP/CMakeFiles/CMakeTmp'


Parsed C implicit link information from above output:
  link line regex: [^( *|.*[/\])(ld|ld|collect2)[^/\]*( |$)]
  ignore line: [Change Dir: /home/hainan/Dropbox/Graphics/assistance/Wave-CPP/CMakeFiles/CMakeTmp]
  ignore line: []
  ignore line: [Run Build Command:/usr/bin/make "cmTryCompileExec4219916208/fast"]
  ignore line: [make[1]: Entering directory `/home/hainan/Dropbox/Graphics/assistance/Wave-CPP/CMakeFiles/CMakeTmp']
  ignore line: [/usr/bin/make -f CMakeFiles/cmTryCompileExec4219916208.dir/build.make CMakeFiles/cmTryCompileExec4219916208.dir/build]
  ignore line: [make[2]: Entering directory `/home/hainan/Dropbox/Graphics/assistance/Wave-CPP/CMakeFiles/CMakeTmp']
  ignore line: [/usr/bin/cmake -E cmake_progress_report /home/hainan/Dropbox/Graphics/assistance/Wave-CPP/CMakeFiles/CMakeTmp/CMakeFiles 1]
  ignore line: [Building C object CMakeFiles/cmTryCompileExec4219916208.dir/CMakeCCompilerABI.c.o]
  ignore line: [/usr/bin/cc    -o CMakeFiles/cmTryCompileExec4219916208.dir/CMakeCCompilerABI.c.o   -c /usr/share/cmake-2.8/Modules/CMakeCCompilerABI.c]
  ignore line: [Linking C executable cmTryCompileExec4219916208]
  ignore line: [/usr/bin/cmake -E cmake_link_script CMakeFiles/cmTryCompileExec4219916208.dir/link.txt --verbose=1]
  ignore line: [/usr/bin/cc       -v CMakeFiles/cmTryCompileExec4219916208.dir/CMakeCCompilerABI.c.o  -o cmTryCompileExec4219916208 -rdynamic  ]
  ignore line: [Using built-in specs.]
  ignore line: [COLLECT_GCC=/usr/bin/cc]
  ignore line: [COLLECT_LTO_WRAPPER=/usr/lib/gcc/x86_64-linux-gnu/4.8/lto-wrapper]
  ignore line: [Target: x86_64-linux-gnu]
  ignore line: [Configured with: ../src/configure -v --with-pkgversion='Ubuntu/Linaro 4.8.1-10ubuntu9' --with-bugurl=file:///usr/share/doc/gcc-4.8/README.Bugs --enable-languages=c,c++,java,go,d,fortran,objc,obj-c++ --prefix=/usr --program-suffix=-4.8 --enable-shared --enable-linker-build-id --libexecdir=/usr/lib --without-included-gettext --enable-threads=posix --with-gxx-include-dir=/usr/include/c++/4.8 --libdir=/usr/lib --enable-nls --with-sysroot=/ --enable-clocale=gnu --enable-libstdcxx-debug --enable-libstdcxx-time=yes --enable-gnu-unique-object --enable-plugin --with-system-zlib --disable-browser-plugin --enable-java-awt=gtk --enable-gtk-cairo --with-java-home=/usr/lib/jvm/java-1.5.0-gcj-4.8-amd64/jre --enable-java-home --with-jvm-root-dir=/usr/lib/jvm/java-1.5.0-gcj-4.8-amd64 --with-jvm-jar-dir=/usr/lib/jvm-exports/java-1.5.0-gcj-4.8-amd64 --with-arch-directory=amd64 --with-ecj-jar=/usr/share/java/eclipse-ecj.jar --enable-objc-gc --enable-multiarch --disable-werror --with-arch-32=i686 --with-abi=m64 --with-multilib-list=m32,m64,mx32 --with-tune=generic --enable-checking=release --build=x86_64-linux-gnu --host=x86_64-linux-gnu --target=x86_64-linux-gnu]
  ignore line: [Thread model: posix]
  ignore line: [gcc version 4.8.1 (Ubuntu/Linaro 4.8.1-10ubuntu9) ]
  ignore line: [COMPILER_PATH=/usr/lib/gcc/x86_64-linux-gnu/4.8/:/usr/lib/gcc/x86_64-linux-gnu/4.8/:/usr/lib/gcc/x86_64-linux-gnu/:/usr/lib/gcc/x86_64-linux-gnu/4.8/:/usr/lib/gcc/x86_64-linux-gnu/]
  ignore line: [LIBRARY_PATH=/usr/lib/gcc/x86_64-linux-gnu/4.8/:/usr/lib/gcc/x86_64-linux-gnu/4.8/../../../x86_64-linux-gnu/:/usr/lib/gcc/x86_64-linux-gnu/4.8/../../../../lib/:/lib/x86_64-linux-gnu/:/lib/../lib/:/usr/lib/x86_64-linux-gnu/:/usr/lib/../lib/:/usr/lib/gcc/x86_64-linux-gnu/4.8/../../../:/lib/:/usr/lib/]
  ignore line: [COLLECT_GCC_OPTIONS='-v' '-o' 'cmTryCompileExec4219916208' '-rdynamic' '-mtune=generic' '-march=x86-64']
  link line: [ /usr/lib/gcc/x86_64-linux-gnu/4.8/collect2 --sysroot=/ --build-id --eh-frame-hdr -m elf_x86_64 --hash-style=gnu --as-needed -export-dynamic -dynamic-linker /lib64/ld-linux-x86-64.so.2 -z relro -o cmTryCompileExec4219916208 /usr/lib/gcc/x86_64-linux-gnu/4.8/../../../x86_64-linux-gnu/crt1.o /usr/lib/gcc/x86_64-linux-gnu/4.8/../../../x86_64-linux-gnu/crti.o /usr/lib/gcc/x86_64-linux-gnu/4.8/crtbegin.o -L/usr/lib/gcc/x86_64-linux-gnu/4.8 -L/usr/lib/gcc/x86_64-linux-gnu/4.8/../../../x86_64-linux-gnu -L/usr/lib/gcc/x86_64-linux-gnu/4.8/../../../../lib -L/lib/x86_64-linux-gnu -L/lib/../lib -L/usr/lib/x86_64-linux-gnu -L/usr/lib/../lib -L/usr/lib/gcc/x86_64-linux-gnu/4.8/../../.. CMakeFiles/cmTryCompileExec4219916208.dir/CMakeCCompilerABI.c.o -lgcc --as-needed -lgcc_s --no-as-needed -lc -lgcc --as-needed -lgcc_s --no-as-needed /usr/lib/gcc/x86_64-linux-gnu/4.8/crtend.o /usr/lib/gcc/x86_64-linux-gnu/4.8/../../../x86_64-linux-gnu/crtn.o]
    arg [/usr/lib/gcc/x86_64-linux-gnu/4.8/collect2] ==> ignore
    arg [--sysroot=/] ==> ignore
    arg [--build-id] ==> ignore
    arg [--eh-frame-hdr] ==> ignore
    arg [-m] ==> ignore
    arg [elf_x86_64] ==> ignore
    arg [--hash-style=gnu] ==> ignore
    arg [--as-needed] ==> ignore
    arg [-export-dynamic] ==> ignore
    arg [-dynamic-linker] ==> ignore
    arg [/lib64/ld-linux-x86-64.so.2] ==> ignore
    arg [-zrelro] ==> ignore
    arg [-o] ==> ignore
    arg [cmTryCompileExec4219916208] ==> ignore
    arg [/usr/lib/gcc/x86_64-linux-gnu/4.8/../../../x86_64-linux-gnu/crt1.o] ==> ignore
    arg [/usr/lib/gcc/x86_64-linux-gnu/4.8/../../../x86_64-linux-gnu/crti.o] ==> ignore
    arg [/usr/lib/gcc/x86_64-linux-gnu/4.8/crtbegin.o] ==> ignore
    arg [-L/usr/lib/gcc/x86_64-linux-gnu/4.8] ==> dir [/usr/lib/gcc/x86_64-linux-gnu/4.8]
    arg [-L/usr/lib/gcc/x86_64-linux-gnu/4.8/../../../x86_64-linux-gnu] ==> dir [/usr/lib/gcc/x86_64-linux-gnu/4.8/../../../x86_64-linux-gnu]
    arg [-L/usr/lib/gcc/x86_64-linux-gnu/4.8/../../../../lib] ==> dir [/usr/lib/gcc/x86_64-linux-gnu/4.8/../../../../lib]
    arg [-L/lib/x86_64-linux-gnu] ==> dir [/lib/x86_64-linux-gnu]
    arg [-L/lib/../lib] ==> dir [/lib/../lib]
    arg [-L/usr/lib/x86_64-linux-gnu] ==> dir [/usr/lib/x86_64-linux-gnu]
    arg [-L/usr/lib/../lib] ==> dir [/usr/lib/../lib]
    arg [-L/usr/lib/gcc/x86_64-linux-gnu/4.8/../../..] ==> dir [/usr/lib/gcc/x86_64-linux-gnu/4.8/../../..]
    arg [CMakeFiles/cmTryCompileExec4219916208.dir/CMakeCCompilerABI.c.o] ==> ignore
    arg [-lgcc] ==> lib [gcc]
    arg [--as-needed] ==> ignore
    arg [-lgcc_s] ==> lib [gcc_s]
    arg [--no-as-needed] ==> ignore
    arg [-lc] ==> lib [c]
    arg [-lgcc] ==> lib [gcc]
    arg [--as-needed] ==> ignore
    arg [-lgcc_s] ==> lib [gcc_s]
    arg [--no-as-needed] ==> ignore
    arg [/usr/lib/gcc/x86_64-linux-gnu/4.8/crtend.o] ==> ignore
    arg [/usr/lib/gcc/x86_64-linux-gnu/4.8/../../../x86_64-linux-gnu/crtn.o] ==> ignore
  remove lib [gcc]
  remove lib [gcc_s]
  remove lib [gcc]
  remove lib [gcc_s]
  collapse library dir [/usr/lib/gcc/x86_64-linux-gnu/4.8] ==> [/usr/lib/gcc/x86_64-linux-gnu/4.8]
  collapse library dir [/usr/lib/gcc/x86_64-linux-gnu/4.8/../../../x86_64-linux-gnu] ==> [/usr/lib/x86_64-linux-gnu]
  collapse library dir [/usr/lib/gcc/x86_64-linux-gnu/4.8/../../../../lib] ==> [/usr/lib]
  collapse library dir [/lib/x86_64-linux-gnu] ==> [/lib/x86_64-linux-gnu]
  collapse library dir [/lib/../lib] ==> [/lib]
  collapse library dir [/usr/lib/x86_64-linux-gnu] ==> [/usr/lib/x86_64-linux-gnu]
  collapse library dir [/usr/lib/../lib] ==> [/usr/lib]
  collapse library dir [/usr/lib/gcc/x86_64-linux-gnu/4.8/../../..] ==> [/usr/lib]
  implicit libs: [c]
  implicit dirs: [/usr/lib/gcc/x86_64-linux-gnu/4.8;/usr/lib/x86_64-linux-gnu;/usr/lib;/lib/x86_64-linux-gnu;/lib]
  implicit fwks: []


Determining if the CXX compiler works passed with the following output:
Change Dir: /home/hainan/Dropbox/Graphics/assistance/Wave-CPP/CMakeFiles/CMakeTmp

Run Build Command:/usr/bin/make "cmTryCompileExec2874402808/fast"
make[1]: Entering directory `/home/hainan/Dropbox/Graphics/assistance/Wave-CPP/CMakeFiles/CMakeTmp'
/usr/bin/make -f CMakeFiles/cmTryCompileExec2874402808.dir/build.make CMakeFiles/cmTryCompileExec2874402808.dir/build
make[2]: Entering directory `/home/hainan/Dropbox/Graphics/assistance/Wave-CPP/CMakeFiles/CMakeTmp'
/usr/bin/cmake -E cmake_progress_report /home/hainan/Dropbox/Graphics/assistance/Wave-CPP/CMakeFiles/CMakeTmp/CMakeFiles 1
Building CXX object CMakeFiles/cmTryCompileExec2874402808.dir/testCXXCompiler.cxx.o
/usr/bin/c++     -o CMakeFiles/cmTryCompileExec2874402808.dir/testCXXCompiler.cxx.o -c /home/hainan/Dropbox/Graphics/assistance/Wave-CPP/CMakeFiles/CMakeTmp/testCXXCompiler.cxx
Linking CXX executable cmTryCompileExec2874402808
/usr/bin/cmake -E cmake_link_script CMakeFiles/cmTryCompileExec2874402808.dir/link.txt --verbose=1
/usr/bin/c++          CMakeFiles/cmTryCompileExec2874402808.dir/testCXXCompiler.cxx.o  -o cmTryCompileExec2874402808 -rdynamic 
make[2]: Leaving directory `/home/hainan/Dropbox/Graphics/assistance/Wave-CPP/CMakeFiles/CMakeTmp'
make[1]: Leaving directory `/home/hainan/Dropbox/Graphics/assistance/Wave-CPP/CMakeFiles/CMakeTmp'


Detecting CXX compiler ABI info compiled with the following output:
Change Dir: /home/hainan/Dropbox/Graphics/assistance/Wave-CPP/CMakeFiles/CMakeTmp

Run Build Command:/usr/bin/make "cmTryCompileExec4176686634/fast"
make[1]: Entering directory `/home/hainan/Dropbox/Graphics/assistance/Wave-CPP/CMakeFiles/CMakeTmp'
/usr/bin/make -f CMakeFiles/cmTryCompileExec4176686634.dir/build.make CMakeFiles/cmTryCompileExec4176686634.dir/build
make[2]: Entering directory `/home/hainan/Dropbox/Graphics/assistance/Wave-CPP/CMakeFiles/CMakeTmp'
/usr/bin/cmake -E cmake_progress_report /home/hainan/Dropbox/Graphics/assistance/Wave-CPP/CMakeFiles/CMakeTmp/CMakeFiles 1
Building CXX object CMakeFiles/cmTryCompileExec4176686634.dir/CMakeCXXCompilerABI.cpp.o
/usr/bin/c++     -o CMakeFiles/cmTryCompileExec4176686634.dir/CMakeCXXCompilerABI.cpp.o -c /usr/share/cmake-2.8/Modules/CMakeCXXCompilerABI.cpp
Linking CXX executable cmTryCompileExec4176686634
/usr/bin/cmake -E cmake_link_script CMakeFiles/cmTryCompileExec4176686634.dir/link.txt --verbose=1
/usr/bin/c++        -v CMakeFiles/cmTryCompileExec4176686634.dir/CMakeCXXCompilerABI.cpp.o  -o cmTryCompileExec4176686634 -rdynamic  
Using built-in specs.
COLLECT_GCC=/usr/bin/c++
COLLECT_LTO_WRAPPER=/usr/lib/gcc/x86_64-linux-gnu/4.8/lto-wrapper
Target: x86_64-linux-gnu
Configured with: ../src/configure -v --with-pkgversion='Ubuntu/Linaro 4.8.1-10ubuntu9' --with-bugurl=file:///usr/share/doc/gcc-4.8/README.Bugs --enable-languages=c,c++,java,go,d,fortran,objc,obj-c++ --prefix=/usr --program-suffix=-4.8 --enable-shared --enable-linker-build-id --libexecdir=/usr/lib --without-included-gettext --enable-threads=posix --with-gxx-include-dir=/usr/include/c++/4.8 --libdir=/usr/lib --enable-nls --with-sysroot=/ --enable-clocale=gnu --enable-libstdcxx-debug --enable-libstdcxx-time=yes --enable-gnu-unique-object --enable-plugin --with-system-zlib --disable-browser-plugin --enable-java-awt=gtk --enable-gtk-cairo --with-java-home=/usr/lib/jvm/java-1.5.0-gcj-4.8-amd64/jre --enable-java-home --with-jvm-root-dir=/usr/lib/jvm/java-1.5.0-gcj-4.8-amd64 --with-jvm-jar-dir=/usr/lib/jvm-exports/java-1.5.0-gcj-4.8-amd64 --with-arch-directory=amd64 --with-ecj-jar=/usr/share/java/eclipse-ecj.jar --enable-objc-gc --enable-multiarch --disable-werror --with-arch-32=i686 --with-abi=m64 --with-multilib-list=m32,m64,mx32 --with-tune=generic --enable-checking=release --build=x86_64-linux-gnu --host=x86_64-linux-gnu --target=x86_64-linux-gnu
Thread model: posix
gcc version 4.8.1 (Ubuntu/Linaro 4.8.1-10ubuntu9) 
COMPILER_PATH=/usr/lib/gcc/x86_64-linux-gnu/4.8/:/usr/lib/gcc/x86_64-linux-gnu/4.8/:/usr/lib/gcc/x86_64-linux-gnu/:/usr/lib/gcc/x86_64-linux-gnu/4.8/:/usr/lib/gcc/x86_64-linux-gnu/
LIBRARY_PATH=/usr/lib/gcc/x86_64-linux-gnu/4.8/:/usr/lib/gcc/x86_64-linux-gnu/4.8/../../../x86_64-linux-gnu/:/usr/lib/gcc/x86_64-linux-gnu/4.8/../../../../lib/:/lib/x86_64-linux-gnu/:/lib/../lib/:/usr/lib/x86_64-linux-gnu/:/usr/lib/../lib/:/usr/lib/gcc/x86_64-linux-gnu/4.8/../../../:/lib/:/usr/lib/
COLLECT_GCC_OPTIONS='-v' '-o' 'cmTryCompileExec4176686634' '-rdynamic' '-shared-libgcc' '-mtune=generic' '-march=x86-64'
 /usr/lib/gcc/x86_64-linux-gnu/4.8/collect2 --sysroot=/ --build-id --eh-frame-hdr -m elf_x86_64 --hash-style=gnu --as-needed -export-dynamic -dynamic-linker /lib64/ld-linux-x86-64.so.2 -z relro -o cmTryCompileExec4176686634 /usr/lib/gcc/x86_64-linux-gnu/4.8/../../../x86_64-linux-gnu/crt1.o /usr/lib/gcc/x86_64-linux-gnu/4.8/../../../x86_64-linux-gnu/crti.o /usr/lib/gcc/x86_64-linux-gnu/4.8/crtbegin.o -L/usr/lib/gcc/x86_64-linux-gnu/4.8 -L/usr/lib/gcc/x86_64-linux-gnu/4.8/../../../x86_64-linux-gnu -L/usr/lib/gcc/x86_64-linux-gnu/4.8/../../../../lib -L/lib/x86_64-linux-gnu -L/lib/../lib -L/usr/lib/x86_64-linux-gnu -L/usr/lib/../lib -L/usr/lib/gcc/x86_64-linux-gnu/4.8/../../.. CMakeFiles/cmTryCompileExec4176686634.dir/CMakeCXXCompilerABI.cpp.o -lstdc++ -lm -lgcc_s -lgcc -lc -lgcc_s -lgcc /usr/lib/gcc/x86_64-linux-gnu/4.8/crtend.o /usr/lib/gcc/x86_64-linux-gnu/4.8/../../../x86_64-linux-gnu/crtn.o
make[2]: Leaving directory `/home/hainan/Dropbox/Graphics/assistance/Wave-CPP/CMakeFiles/CMakeTmp'
make[1]: Leaving directory `/home/hainan/Dropbox/Graphics/assistance/Wave-CPP/CMakeFiles/CMakeTmp'


Parsed CXX implicit link information from above output:
  link line regex: [^( *|.*[/\])(ld|ld|collect2)[^/\]*( |$)]
  ignore line: [Change Dir: /home/hainan/Dropbox/Graphics/assistance/Wave-CPP/CMakeFiles/CMakeTmp]
  ignore line: []
  ignore line: [Run Build Command:/usr/bin/make "cmTryCompileExec4176686634/fast"]
  ignore line: [make[1]: Entering directory `/home/hainan/Dropbox/Graphics/assistance/Wave-CPP/CMakeFiles/CMakeTmp']
  ignore line: [/usr/bin/make -f CMakeFiles/cmTryCompileExec4176686634.dir/build.make CMakeFiles/cmTryCompileExec4176686634.dir/build]
  ignore line: [make[2]: Entering directory `/home/hainan/Dropbox/Graphics/assistance/Wave-CPP/CMakeFiles/CMakeTmp']
  ignore line: [/usr/bin/cmake -E cmake_progress_report /home/hainan/Dropbox/Graphics/assistance/Wave-CPP/CMakeFiles/CMakeTmp/CMakeFiles 1]
  ignore line: [Building CXX object CMakeFiles/cmTryCompileExec4176686634.dir/CMakeCXXCompilerABI.cpp.o]
  ignore line: [/usr/bin/c++     -o CMakeFiles/cmTryCompileExec4176686634.dir/CMakeCXXCompilerABI.cpp.o -c /usr/share/cmake-2.8/Modules/CMakeCXXCompilerABI.cpp]
  ignore line: [Linking CXX executable cmTryCompileExec4176686634]
  ignore line: [/usr/bin/cmake -E cmake_link_script CMakeFiles/cmTryCompileExec4176686634.dir/link.txt --verbose=1]
  ignore line: [/usr/bin/c++        -v CMakeFiles/cmTryCompileExec4176686634.dir/CMakeCXXCompilerABI.cpp.o  -o cmTryCompileExec4176686634 -rdynamic  ]
  ignore line: [Using built-in specs.]
  ignore line: [COLLECT_GCC=/usr/bin/c++]
  ignore line: [COLLECT_LTO_WRAPPER=/usr/lib/gcc/x86_64-linux-gnu/4.8/lto-wrapper]
  ignore line: [Target: x86_64-linux-gnu]
  ignore line: [Configured with: ../src/configure -v --with-pkgversion='Ubuntu/Linaro 4.8.1-10ubuntu9' --with-bugurl=file:///usr/share/doc/gcc-4.8/README.Bugs --enable-languages=c,c++,java,go,d,fortran,objc,obj-c++ --prefix=/usr --program-suffix=-4.8 --enable-shared --enable-linker-build-id --libexecdir=/usr/lib --without-included-gettext --enable-threads=posix --with-gxx-include-dir=/usr/include/c++/4.8 --libdir=/usr/lib --enable-nls --with-sysroot=/ --enable-clocale=gnu --enable-libstdcxx-debug --enable-libstdcxx-time=yes --enable-gnu-unique-object --enable-plugin --with-system-zlib --disable-browser-plugin --enable-java-awt=gtk --enable-gtk-cairo --with-java-home=/usr/lib/jvm/java-1.5.0-gcj-4.8-amd64/jre --enable-java-home --with-jvm-root-dir=/usr/lib/jvm/java-1.5.0-gcj-4.8-amd64 --with-jvm-jar-dir=/usr/lib/jvm-exports/java-1.5.0-gcj-4.8-amd64 --with-arch-directory=amd64 --with-ecj-jar=/usr/share/java/eclipse-ecj.jar --enable-objc-gc --enable-multiarch --disable-werror --with-arch-32=i686 --with-abi=m64 --with-multilib-list=m32,m64,mx32 --with-tune=generic --enable-checking=release --build=x86_64-linux-gnu --host=x86_64-linux-gnu --target=x86_64-linux-gnu]
  ignore line: [Thread model: posix]
  ignore line: [gcc version 4.8.1 (Ubuntu/Linaro 4.8.1-10ubuntu9) ]
  ignore line: [COMPILER_PATH=/usr/lib/gcc/x86_64-linux-gnu/4.8/:/usr/lib/gcc/x86_64-linux-gnu/4.8/:/usr/lib/gcc/x86_64-linux-gnu/:/usr/lib/gcc/x86_64-linux-gnu/4.8/:/usr/lib/gcc/x86_64-linux-gnu/]
  ignore line: [LIBRARY_PATH=/usr/lib/gcc/x86_64-linux-gnu/4.8/:/usr/lib/gcc/x86_64-linux-gnu/4.8/../../../x86_64-linux-gnu/:/usr/lib/gcc/x86_64-linux-gnu/4.8/../../../../lib/:/lib/x86_64-linux-gnu/:/lib/../lib/:/usr/lib/x86_64-linux-gnu/:/usr/lib/../lib/:/usr/lib/gcc/x86_64-linux-gnu/4.8/../../../:/lib/:/usr/lib/]
  ignore line: [COLLECT_GCC_OPTIONS='-v' '-o' 'cmTryCompileExec4176686634' '-rdynamic' '-shared-libgcc' '-mtune=generic' '-march=x86-64']
  link line: [ /usr/lib/gcc/x86_64-linux-gnu/4.8/collect2 --sysroot=/ --build-id --eh-frame-hdr -m elf_x86_64 --hash-style=gnu --as-needed -export-dynamic -dynamic-linker /lib64/ld-linux-x86-64.so.2 -z relro -o cmTryCompileExec4176686634 /usr/lib/gcc/x86_64-linux-gnu/4.8/../../../x86_64-linux-gnu/crt1.o /usr/lib/gcc/x86_64-linux-gnu/4.8/../../../x86_64-linux-gnu/crti.o /usr/lib/gcc/x86_64-linux-gnu/4.8/crtbegin.o -L/usr/lib/gcc/x86_64-linux-gnu/4.8 -L/usr/lib/gcc/x86_64-linux-gnu/4.8/../../../x86_64-linux-gnu -L/usr/lib/gcc/x86_64-linux-gnu/4.8/../../../../lib -L/lib/x86_64-linux-gnu -L/lib/../lib -L/usr/lib/x86_64-linux-gnu -L/usr/lib/../lib -L/usr/lib/gcc/x86_64-linux-gnu/4.8/../../.. CMakeFiles/cmTryCompileExec4176686634.dir/CMakeCXXCompilerABI.cpp.o -lstdc++ -lm -lgcc_s -lgcc -lc -lgcc_s -lgcc /usr/lib/gcc/x86_64-linux-gnu/4.8/crtend.o /usr/lib/gcc/x86_64-linux-gnu/4.8/../../../x86_64-linux-gnu/crtn.o]
    arg [/usr/lib/gcc/x86_64-linux-gnu/4.8/collect2] ==> ignore
    arg [--sysroot=/] ==> ignore
    arg [--build-id] ==> ignore
    arg [--eh-frame-hdr] ==> ignore
    arg [-m] ==> ignore
    arg [elf_x86_64] ==> ignore
    arg [--hash-style=gnu] ==> ignore
    arg [--as-needed] ==> ignore
    arg [-export-dynamic] ==> ignore
    arg [-dynamic-linker] ==> ignore
    arg [/lib64/ld-linux-x86-64.so.2] ==> ignore
    arg [-zrelro] ==> ignore
    arg [-o] ==> ignore
    arg [cmTryCompileExec4176686634] ==> ignore
    arg [/usr/lib/gcc/x86_64-linux-gnu/4.8/../../../x86_64-linux-gnu/crt1.o] ==> ignore
    arg [/usr/lib/gcc/x86_64-linux-gnu/4.8/../../../x86_64-linux-gnu/crti.o] ==> ignore
    arg [/usr/lib/gcc/x86_64-linux-gnu/4.8/crtbegin.o] ==> ignore
    arg [-L/usr/lib/gcc/x86_64-linux-gnu/4.8] ==> dir [/usr/lib/gcc/x86_64-linux-gnu/4.8]
    arg [-L/usr/lib/gcc/x86_64-linux-gnu/4.8/../../../x86_64-linux-gnu] ==> dir [/usr/lib/gcc/x86_64-linux-gnu/4.8/../../../x86_64-linux-gnu]
    arg [-L/usr/lib/gcc/x86_64-linux-gnu/4.8/../../../../lib] ==> dir [/usr/lib/gcc/x86_64-linux-gnu/4.8/../../../../lib]
    arg [-L/lib/x86_64-linux-gnu] ==> dir [/lib/x86_64-linux-gnu]
    arg [-L/lib/../lib] ==> dir [/lib/../lib]
    arg [-L/usr/lib/x86_64-linux-gnu] ==> dir [/usr/lib/x86_64-linux-gnu]
    arg [-L/usr/lib/../lib] ==> dir [/usr/lib/../lib]
    arg [-L/usr/lib/gcc/x86_64-linux-gnu/4.8/../../..] ==> dir [/usr/lib/gcc/x86_64-linux-gnu/4.8/../../..]
    arg [CMakeFiles/cmTryCompileExec4176686634.dir/CMakeCXXCompilerABI.cpp.o] ==> ignore
    arg [-lstdc++] ==> lib [stdc++]
    arg [-lm] ==> lib [m]
    arg [-lgcc_s] ==> lib [gcc_s]
    arg [-lgcc] ==> lib [gcc]
    arg [-lc] ==> lib [c]
    arg [-lgcc_s] ==> lib [gcc_s]
    arg [-lgcc] ==> lib [gcc]
    arg [/usr/lib/gcc/x86_64-linux-gnu/4.8/crtend.o] ==> ignore
    arg [/usr/lib/gcc/x86_64-linux-gnu/4.8/../../../x86_64-linux-gnu/crtn.o] ==> ignore
  remove lib [gcc_s]
  remove lib [gcc]
  remove lib [gcc_s]
  remove lib [gcc]
  collapse library dir [/usr/lib/gcc/x86_64-linux-gnu/4.8] ==> [/usr/lib/gcc/x86_64-linux-gnu/4.8]
  collapse library dir [/usr/lib/gcc/x86_64-linux-gnu/4.8/../../../x86_64-linux-gnu] ==> [/usr/lib/x86_64-linux-gnu]
  collapse library dir [/usr/lib/gcc/x86_64-linux-gnu/4.8/../../../../lib] ==> [/usr/lib]
  collapse library dir [/lib/x86_64-linux-gnu] ==> [/lib/x86_64-linux-gnu]
  collapse library dir [/lib/../lib] ==> [/lib]
  collapse library dir [/usr/lib/x86_64-linux-gnu] ==> [/usr/lib/x86_64-linux-gnu]
  collapse library dir [/usr/lib/../lib] ==> [/usr/lib]
  collapse library dir [/usr/lib/gcc/x86_64-linux-gnu/4.8/../../..] ==> [/usr/lib]
  implicit libs: [stdc++;m;c]
  implicit dirs: [/usr/lib/gcc/x86_64-linux-gnu/4.8;/usr/lib/x86_64-linux-gnu;/usr/lib;/lib/x86_64-linux-gnu;/lib]
  implicit fwks: []


Performing C++ SOURCE FILE Test CXX11_FLAG_DETECTED succeded with the following output:
Change Dir: /home/hainan/Dropbox/Graphics/assistance/Wave-CPP/CMakeFiles/CMakeTmp

Run Build Command:/usr/bin/make "cmTryCompileExec433393542/fast"
make[1]: Entering directory `/home/hainan/Dropbox/Graphics/assistance/Wave-CPP/CMakeFiles/CMakeTmp'
/usr/bin/make -f CMakeFiles/cmTryCompileExec433393542.dir/build.make CMakeFiles/cmTryCompileExec433393542.dir/build
make[2]: Entering directory `/home/hainan/Dropbox/Graphics/assistance/Wave-CPP/CMakeFiles/CMakeTmp'
/usr/bin/cmake -E cmake_progress_report /home/hainan/Dropbox/Graphics/assistance/Wave-CPP/CMakeFiles/CMakeTmp/CMakeFiles 1
Building CXX object CMakeFiles/cmTryCompileExec433393542.dir/src.cxx.o
/usr/bin/c++    -DCXX11_FLAG_DETECTED -std=c++0x   -o CMakeFiles/cmTryCompileExec433393542.dir/src.cxx.o -c /home/hainan/Dropbox/Graphics/assistance/Wave-CPP/CMakeFiles/CMakeTmp/src.cxx
Linking CXX executable cmTryCompileExec433393542
/usr/bin/cmake -E cmake_link_script CMakeFiles/cmTryCompileExec433393542.dir/link.txt --verbose=1
/usr/bin/c++      -DCXX11_FLAG_DETECTED -std=c++0x    CMakeFiles/cmTryCompileExec433393542.dir/src.cxx.o  -o cmTryCompileExec433393542 -rdynamic 
make[2]: Leaving directory `/home/hainan/Dropbox/Graphics/assistance/Wave-CPP/CMakeFiles/CMakeTmp'
make[1]: Leaving directory `/home/hainan/Dropbox/Graphics/assistance/Wave-CPP/CMakeFiles/CMakeTmp'

Source file was:

class Matrix
{
public:
    Matrix(int a, int b, int c, int d)
        : data {a, b, c, d}
    {}

private:
    int data[4];
};

int main()
{
    int n[] {4,7,6,1,2};
    for (auto i : n)
        Matrix mat (3,5,1,2);
    return 0;
}

Performing C++ SOURCE FILE Test CXX11_FLAG_DETECTED succeded with the following output:
Change Dir: /home/hainan/Dropbox/Graphics/assistance/Wave-CPP/CMakeFiles/CMakeTmp

Run Build Command:/usr/bin/make "cmTryCompileExec1415308642/fast"
/usr/bin/make -f CMakeFiles/cmTryCompileExec1415308642.dir/build.make CMakeFiles/cmTryCompileExec1415308642.dir/build
make[1]: Entering directory `/home/hainan/Dropbox/Graphics/assistance/Wave-CPP/CMakeFiles/CMakeTmp'
/usr/bin/cmake -E cmake_progress_report /home/hainan/Dropbox/Graphics/assistance/Wave-CPP/CMakeFiles/CMakeTmp/CMakeFiles 1
Building CXX object CMakeFiles/cmTryCompileExec1415308642.dir/src.cxx.o
/usr/bin/c++    -DCXX11_FLAG_DETECTED -std=c++0x   -o CMakeFiles/cmTryCompileExec1415308642.dir/src.cxx.o -c /home/hainan/Dropbox/Graphics/assistance/Wave-CPP/CMakeFiles/CMakeTmp/src.cxx
Linking CXX executable cmTryCompileExec1415308642
/usr/bin/cmake -E cmake_link_script CMakeFiles/cmTryCompileExec1415308642.dir/link.txt --verbose=1
/usr/bin/c++      -DCXX11_FLAG_DETECTED -std=c++0x    CMakeFiles/cmTryCompileExec1415308642.dir/src.cxx.o  -o cmTryCompileExec1415308642 -rdynamic 
make[1]: Leaving directory `/home/hainan/Dropbox/Graphics/assistance/Wave-CPP/CMakeFiles/CMakeTmp'

Source file was:

class Matrix
{
public:
    Matrix(int a, int b, int c, int d)
        : data {a, b, c, d}
    {}

private:
    int data[4];
};

int main()
{
    int n[] {4,7,6,1,2};
    for (auto i : n)
        Matrix mat (3,5,1,2);
    return 0;
}

Determining if the function XOpenDisplay exists in the /usr/lib/x86_64-linux-gnu/libX11.so;/usr/lib/x86_64-linux-gnu/libXext.so passed with the following output:
Change Dir: /home/hainan/Dropbox/Graphics/assistance/Wave-CPP/CMakeFiles/CMakeTmp

Run Build Command:/usr/bin/make "cmTryCompileExec1094270984/fast"
/usr/bin/make -f CMakeFiles/cmTryCompileExec1094270984.dir/build.make CMakeFiles/cmTryCompileExec1094270984.dir/build
make[1]: Entering directory `/home/hainan/Dropbox/Graphics/assistance/Wave-CPP/CMakeFiles/CMakeTmp'
/usr/bin/cmake -E cmake_progress_report /home/hainan/Dropbox/Graphics/assistance/Wave-CPP/CMakeFiles/CMakeTmp/CMakeFiles 1
Building C object CMakeFiles/cmTryCompileExec1094270984.dir/CheckFunctionExists.c.o
/usr/bin/cc   -DCHECK_FUNCTION_EXISTS=XOpenDisplay   -o CMakeFiles/cmTryCompileExec1094270984.dir/CheckFunctionExists.c.o   -c /usr/share/cmake-2.8/Modules/CheckFunctionExists.c
Linking C executable cmTryCompileExec1094270984
/usr/bin/cmake -E cmake_link_script CMakeFiles/cmTryCompileExec1094270984.dir/link.txt --verbose=1
/usr/bin/cc     -DCHECK_FUNCTION_EXISTS=XOpenDisplay    CMakeFiles/cmTryCompileExec1094270984.dir/CheckFunctionExists.c.o  -o cmTryCompileExec1094270984 -rdynamic -lX11 -lXext 
make[1]: Leaving directory `/home/hainan/Dropbox/Graphics/assistance/Wave-CPP/CMakeFiles/CMakeTmp'


Determining if the function gethostbyname exists passed with the following output:
Change Dir: /home/hainan/Dropbox/Graphics/assistance/Wave-CPP/CMakeFiles/CMakeTmp

Run Build Command:/usr/bin/make "cmTryCompileExec2032335383/fast"
/usr/bin/make -f CMakeFiles/cmTryCompileExec2032335383.dir/build.make CMakeFiles/cmTryCompileExec2032335383.dir/build
make[1]: Entering directory `/home/hainan/Dropbox/Graphics/assistance/Wave-CPP/CMakeFiles/CMakeTmp'
/usr/bin/cmake -E cmake_progress_report /home/hainan/Dropbox/Graphics/assistance/Wave-CPP/CMakeFiles/CMakeTmp/CMakeFiles 1
Building C object CMakeFiles/cmTryCompileExec2032335383.dir/CheckFunctionExists.c.o
/usr/bin/cc   -DCHECK_FUNCTION_EXISTS=gethostbyname   -o CMakeFiles/cmTryCompileExec2032335383.dir/CheckFunctionExists.c.o   -c /usr/share/cmake-2.8/Modules/CheckFunctionExists.c
Linking C executable cmTryCompileExec2032335383
/usr/bin/cmake -E cmake_link_script CMakeFiles/cmTryCompileExec2032335383.dir/link.txt --verbose=1
/usr/bin/cc     -DCHECK_FUNCTION_EXISTS=gethostbyname    CMakeFiles/cmTryCompileExec2032335383.dir/CheckFunctionExists.c.o  -o cmTryCompileExec2032335383 -rdynamic 
make[1]: Leaving directory `/home/hainan/Dropbox/Graphics/assistance/Wave-CPP/CMakeFiles/CMakeTmp'


Determining if the function connect exists passed with the following output:
Change Dir: /home/hainan/Dropbox/Graphics/assistance/Wave-CPP/CMakeFiles/CMakeTmp

Run Build Command:/usr/bin/make "cmTryCompileExec30315082/fast"
/usr/bin/make -f CMakeFiles/cmTryCompileExec30315082.dir/build.make CMakeFiles/cmTryCompileExec30315082.dir/build
make[1]: Entering directory `/home/hainan/Dropbox/Graphics/assistance/Wave-CPP/CMakeFiles/CMakeTmp'
/usr/bin/cmake -E cmake_progress_report /home/hainan/Dropbox/Graphics/assistance/Wave-CPP/CMakeFiles/CMakeTmp/CMakeFiles 1
Building C object CMakeFiles/cmTryCompileExec30315082.dir/CheckFunctionExists.c.o
/usr/bin/cc   -DCHECK_FUNCTION_EXISTS=connect   -o CMakeFiles/cmTryCompileExec30315082.dir/CheckFunctionExists.c.o   -c /usr/share/cmake-2.8/Modules/CheckFunctionExists.c
Linking C executable cmTryCompileExec30315082
/usr/bin/cmake -E cmake_link_script CMakeFiles/cmTryCompileExec30315082.dir/link.txt --verbose=1
/usr/bin/cc     -DCHECK_FUNCTION_EXISTS=connect    CMakeFiles/cmTryCompileExec30315082.dir/CheckFunctionExists.c.o  -o cmTryCompileExec30315082 -rdynamic 
make[1]: Leaving directory `/home/hainan/Dropbox/Graphics/assistance/Wave-CPP/CMakeFiles/CMakeTmp'


Determining if the function remove exists passed with the following output:
Change Dir: /home/hainan/Dropbox/Graphics/assistance/Wave-CPP/CMakeFiles/CMakeTmp

Run Build Command:/usr/bin/make "cmTryCompileExec1151523682/fast"
/usr/bin/make -f CMakeFiles/cmTryCompileExec1151523682.dir/build.make CMakeFiles/cmTryCompileExec1151523682.dir/build
make[1]: Entering directory `/home/hainan/Dropbox/Graphics/assistance/Wave-CPP/CMakeFiles/CMakeTmp'
/usr/bin/cmake -E cmake_progress_report /home/hainan/Dropbox/Graphics/assistance/Wave-CPP/CMakeFiles/CMakeTmp/CMakeFiles 1
Building C object CMakeFiles/cmTryCompileExec1151523682.dir/CheckFunctionExists.c.o
/usr/bin/cc   -DCHECK_FUNCTION_EXISTS=remove   -o CMakeFiles/cmTryCompileExec1151523682.dir/CheckFunctionExists.c.o   -c /usr/share/cmake-2.8/Modules/CheckFunctionExists.c
Linking C executable cmTryCompileExec1151523682
/usr/bin/cmake -E cmake_link_script CMakeFiles/cmTryCompileExec1151523682.dir/link.txt --verbose=1
/usr/bin/cc     -DCHECK_FUNCTION_EXISTS=remove    CMakeFiles/cmTryCompileExec1151523682.dir/CheckFunctionExists.c.o  -o cmTryCompileExec1151523682 -rdynamic 
make[1]: Leaving directory `/home/hainan/Dropbox/Graphics/assistance/Wave-CPP/CMakeFiles/CMakeTmp'


Determining if the function shmat exists passed with the following output:
Change Dir: /home/hainan/Dropbox/Graphics/assistance/Wave-CPP/CMakeFiles/CMakeTmp

Run Build Command:/usr/bin/make "cmTryCompileExec3131579910/fast"
/usr/bin/make -f CMakeFiles/cmTryCompileExec3131579910.dir/build.make CMakeFiles/cmTryCompileExec3131579910.dir/build
make[1]: Entering directory `/home/hainan/Dropbox/Graphics/assistance/Wave-CPP/CMakeFiles/CMakeTmp'
/usr/bin/cmake -E cmake_progress_report /home/hainan/Dropbox/Graphics/assistance/Wave-CPP/CMakeFiles/CMakeTmp/CMakeFiles 1
Building C object CMakeFiles/cmTryCompileExec3131579910.dir/CheckFunctionExists.c.o
/usr/bin/cc   -DCHECK_FUNCTION_EXISTS=shmat   -o CMakeFiles/cmTryCompileExec3131579910.dir/CheckFunctionExists.c.o   -c /usr/share/cmake-2.8/Modules/CheckFunctionExists.c
Linking C executable cmTryCompileExec3131579910
/usr/bin/cmake -E cmake_link_script CMakeFiles/cmTryCompileExec3131579910.dir/link.txt --verbose=1
/usr/bin/cc     -DCHECK_FUNCTION_EXISTS=shmat    CMakeFiles/cmTryCompileExec3131579910.dir/CheckFunctionExists.c.o  -o cmTryCompileExec3131579910 -rdynamic 
make[1]: Leaving directory `/home/hainan/Dropbox/Graphics/assistance/Wave-CPP/CMakeFiles/CMakeTmp'


Determining if the function IceConnectionNumber exists in the ICE passed with the following output:
Change Dir: /home/hainan/Dropbox/Graphics/assistance/Wave-CPP/CMakeFiles/CMakeTmp

Run Build Command:/usr/bin/make "cmTryCompileExec1075108796/fast"
/usr/bin/make -f CMakeFiles/cmTryCompileExec1075108796.dir/build.make CMakeFiles/cmTryCompileExec1075108796.dir/build
make[1]: Entering directory `/home/hainan/Dropbox/Graphics/assistance/Wave-CPP/CMakeFiles/CMakeTmp'
/usr/bin/cmake -E cmake_progress_report /home/hainan/Dropbox/Graphics/assistance/Wave-CPP/CMakeFiles/CMakeTmp/CMakeFiles 1
Building C object CMakeFiles/cmTryCompileExec1075108796.dir/CheckFunctionExists.c.o
/usr/bin/cc   -DCHECK_FUNCTION_EXISTS=IceConnectionNumber   -o CMakeFiles/cmTryCompileExec1075108796.dir/CheckFunctionExists.c.o   -c /usr/share/cmake-2.8/Modules/CheckFunctionExists.c
Linking C executable cmTryCompileExec1075108796
/usr/bin/cmake -E cmake_link_script CMakeFiles/cmTryCompileExec1075108796.dir/link.txt --verbose=1
/usr/bin/cc     -DCHECK_FUNCTION_EXISTS=IceConnectionNumber    CMakeFiles/cmTryCompileExec1075108796.dir/CheckFunctionExists.c.o  -o cmTryCompileExec1075108796 -rdynamic -lICE 
make[1]: Leaving directory `/home/hainan/Dropbox/Graphics/assistance/Wave-CPP/CMakeFiles/CMakeTmp'


Determining if files pthread.h exist passed with the following output:
Change Dir: /home/hainan/Dropbox/Graphics/assistance/Wave-CPP/CMakeFiles/CMakeTmp

Run Build Command:/usr/bin/make "cmTryCompileExec733200836/fast"
/usr/bin/make -f CMakeFiles/cmTryCompileExec733200836.dir/build.make CMakeFiles/cmTryCompileExec733200836.dir/build
make[1]: Entering directory `/home/hainan/Dropbox/Graphics/assistance/Wave-CPP/CMakeFiles/CMakeTmp'
/usr/bin/cmake -E cmake_progress_report /home/hainan/Dropbox/Graphics/assistance/Wave-CPP/CMakeFiles/CMakeTmp/CMakeFiles 1
Building C object CMakeFiles/cmTryCompileExec733200836.dir/CheckIncludeFiles.c.o
/usr/bin/cc    -o CMakeFiles/cmTryCompileExec733200836.dir/CheckIncludeFiles.c.o   -c /home/hainan/Dropbox/Graphics/assistance/Wave-CPP/CMakeFiles/CMakeTmp/CheckIncludeFiles.c
Linking C executable cmTryCompileExec733200836
/usr/bin/cmake -E cmake_link_script CMakeFiles/cmTryCompileExec733200836.dir/link.txt --verbose=1
/usr/bin/cc         CMakeFiles/cmTryCompileExec733200836.dir/CheckIncludeFiles.c.o  -o cmTryCompileExec733200836 -rdynamic 
make[1]: Leaving directory `/home/hainan/Dropbox/Graphics/assistance/Wave-CPP/CMakeFiles/CMakeTmp'


Determining if the function pthread_create exists in the pthread passed with the following output:
Change Dir: /home/hainan/Dropbox/Graphics/assistance/Wave-CPP/CMakeFiles/CMakeTmp

Run Build Command:/usr/bin/make "cmTryCompileExec3281486445/fast"
/usr/bin/make -f CMakeFiles/cmTryCompileExec3281486445.dir/build.make CMakeFiles/cmTryCompileExec3281486445.dir/build
make[1]: Entering directory `/home/hainan/Dropbox/Graphics/assistance/Wave-CPP/CMakeFiles/CMakeTmp'
/usr/bin/cmake -E cmake_progress_report /home/hainan/Dropbox/Graphics/assistance/Wave-CPP/CMakeFiles/CMakeTmp/CMakeFiles 1
Building C object CMakeFiles/cmTryCompileExec3281486445.dir/CheckFunctionExists.c.o
/usr/bin/cc   -DCHECK_FUNCTION_EXISTS=pthread_create   -o CMakeFiles/cmTryCompileExec3281486445.dir/CheckFunctionExists.c.o   -c /usr/share/cmake-2.8/Modules/CheckFunctionExists.c
Linking C executable cmTryCompileExec3281486445
/usr/bin/cmake -E cmake_link_script CMakeFiles/cmTryCompileExec3281486445.dir/link.txt --verbose=1
/usr/bin/cc     -DCHECK_FUNCTION_EXISTS=pthread_create    CMakeFiles/cmTryCompileExec3281486445.dir/CheckFunctionExists.c.o  -o cmTryCompileExec3281486445 -rdynamic -lpthread 
make[1]: Leaving directory `/home/hainan/Dropbox/Graphics/assistance/Wave-CPP/CMakeFiles/CMakeTmp'


Determining if the function glXGetProcAddress exists passed with the following output:
Change Dir: /home/hainan/Dropbox/Graphics/assistance/Wave-CPP/CMakeFiles/CMakeTmp

Run Build Command:/usr/bin/make "cmTryCompileExec1017027708/fast"
/usr/bin/make -f CMakeFiles/cmTryCompileExec1017027708.dir/build.make CMakeFiles/cmTryCompileExec1017027708.dir/build
make[1]: Entering directory `/home/hainan/Dropbox/Graphics/assistance/Wave-CPP/CMakeFiles/CMakeTmp'
/usr/bin/cmake -E cmake_progress_report /home/hainan/Dropbox/Graphics/assistance/Wave-CPP/CMakeFiles/CMakeTmp/CMakeFiles 1
Building C object CMakeFiles/cmTryCompileExec1017027708.dir/CheckFunctionExists.c.o
/usr/bin/cc   -DCHECK_FUNCTION_EXISTS=glXGetProcAddress   -o CMakeFiles/cmTryCompileExec1017027708.dir/CheckFunctionExists.c.o   -c /usr/share/cmake-2.8/Modules/CheckFunctionExists.c
Linking C executable cmTryCompileExec1017027708
/usr/bin/cmake -E cmake_link_script CMakeFiles/cmTryCompileExec1017027708.dir/link.txt --verbose=1
/usr/bin/cc     -DCHECK_FUNCTION_EXISTS=glXGetProcAddress    CMakeFiles/cmTryCompileExec1017027708.dir/CheckFunctionExists.c.o  -o cmTryCompileExec1017027708 -rdynamic -lGL 
make[1]: Leaving directory `/home/hainan/Dropbox/Graphics/assistance/Wave-CPP/CMakeFiles/CMakeTmp'


Determining if the function glXGetProcAddressARB exists passed with the following output:
Change Dir: /home/hainan/Dropbox/Graphics/assistance/Wave-CPP/CMakeFiles/CMakeTmp

Run Build Command:/usr/bin/make "cmTryCompileExec2087564902/fast"
/usr/bin/make -f CMakeFiles/cmTryCompileExec2087564902.dir/build.make CMakeFiles/cmTryCompileExec2087564902.dir/build
make[1]: Entering directory `/home/hainan/Dropbox/Graphics/assistance/Wave-CPP/CMakeFiles/CMakeTmp'
/usr/bin/cmake -E cmake_progress_report /home/hainan/Dropbox/Graphics/assistance/Wave-CPP/CMakeFiles/CMakeTmp/CMakeFiles 1
Building C object CMakeFiles/cmTryCompileExec2087564902.dir/CheckFunctionExists.c.o
/usr/bin/cc   -DCHECK_FUNCTION_EXISTS=glXGetProcAddressARB   -o CMakeFiles/cmTryCompileExec2087564902.dir/CheckFunctionExists.c.o   -c /usr/share/cmake-2.8/Modules/CheckFunctionExists.c
Linking C executable cmTryCompileExec2087564902
/usr/bin/cmake -E cmake_link_script CMakeFiles/cmTryCompileExec2087564902.dir/link.txt --verbose=1
/usr/bin/cc     -DCHECK_FUNCTION_EXISTS=glXGetProcAddressARB    CMakeFiles/cmTryCompileExec2087564902.dir/CheckFunctionExists.c.o  -o cmTryCompileExec2087564902 -rdynamic -lGL 
make[1]: Leaving directory `/home/hainan/Dropbox/Graphics/assistance/Wave-CPP/CMakeFiles/CMakeTmp'


Performing C++ SOURCE FILE Test CXX11_FLAG_DETECTED succeded with the following output:
Change Dir: /home/hainan/Dropbox/Graphics/assistance/Wave-CPP/CMakeFiles/CMakeTmp

Run Build Command:/usr/bin/make "cmTryCompileExec2708266089/fast"
/usr/bin/make -f CMakeFiles/cmTryCompileExec2708266089.dir/build.make CMakeFiles/cmTryCompileExec2708266089.dir/build
make[1]: Entering directory `/home/hainan/Dropbox/Graphics/assistance/Wave-CPP/CMakeFiles/CMakeTmp'
/usr/bin/cmake -E cmake_progress_report /home/hainan/Dropbox/Graphics/assistance/Wave-CPP/CMakeFiles/CMakeTmp/CMakeFiles 1
Building CXX object CMakeFiles/cmTryCompileExec2708266089.dir/src.cxx.o
/usr/bin/c++    -DCXX11_FLAG_DETECTED -std=c++0x   -o CMakeFiles/cmTryCompileExec2708266089.dir/src.cxx.o -c /home/hainan/Dropbox/Graphics/assistance/Wave-CPP/CMakeFiles/CMakeTmp/src.cxx
Linking CXX executable cmTryCompileExec2708266089
/usr/bin/cmake -E cmake_link_script CMakeFiles/cmTryCompileExec2708266089.dir/link.txt --verbose=1
/usr/bin/c++      -DCXX11_FLAG_DETECTED -std=c++0x    CMakeFiles/cmTryCompileExec2708266089.dir/src.cxx.o  -o cmTryCompileExec2708266089 -rdynamic 
make[1]: Leaving directory `/home/hainan/Dropbox/Graphics/assistance/Wave-CPP/CMakeFiles/CMakeTmp'

Source file was:

class Matrix
{
public:
    Matrix(int a, int b, int c, int d)
        : data {a, b, c, d}
    {}

private:
    int data[4];
};

int main()
{
    int n[] {4,7,6,1,2};
    for (auto i : n)
        Matrix mat (3,5,1,2);
    return 0;
}

Performing C++ SOURCE FILE Test CXX11_FLAG_DETECTED succeded with the following output:
Change Dir: /home/hainan/Dropbox/Graphics/assistance/Wave-CPP/CMakeFiles/CMakeTmp

Run Build Command:/usr/bin/make "cmTryCompileExec4043583715/fast"
/usr/bin/make -f CMakeFiles/cmTryCompileExec4043583715.dir/build.make CMakeFiles/cmTryCompileExec4043583715.dir/build
make[1]: Entering directory `/home/hainan/Dropbox/Graphics/assistance/Wave-CPP/CMakeFiles/CMakeTmp'
/usr/bin/cmake -E cmake_progress_report /home/hainan/Dropbox/Graphics/assistance/Wave-CPP/CMakeFiles/CMakeTmp/CMakeFiles 1
Building CXX object CMakeFiles/cmTryCompileExec4043583715.dir/src.cxx.o
/usr/bin/c++    -DCXX11_FLAG_DETECTED -std=c++0x   -o CMakeFiles/cmTryCompileExec4043583715.dir/src.cxx.o -c /home/hainan/Dropbox/Graphics/assistance/Wave-CPP/CMakeFiles/CMakeTmp/src.cxx
Linking CXX executable cmTryCompileExec4043583715
/usr/bin/cmake -E cmake_link_script CMakeFiles/cmTryCompileExec4043583715.dir/link.txt --verbose=1
/usr/bin/c++      -DCXX11_FLAG_DETECTED -std=c++0x    CMakeFiles/cmTryCompileExec4043583715.dir/src.cxx.o  -o cmTryCompileExec4043583715 -rdynamic 
make[1]: Leaving directory `/home/hainan/Dropbox/Graphics/assistance/Wave-CPP/CMakeFiles/CMakeTmp'

Source file was:

class Matrix
{
public:
    Matrix(int a, int b, int c, int d)
        : data {a, b, c, d}
    {}

private:
    int data[4];
};

int main()
{
    int n[] {4,7,6,1,2};
    for (auto i : n)
        Matrix mat (3,5,1,2);
    return 0;
}

Performing C++ SOURCE FILE Test CXX11_FLAG_DETECTED succeded with the following output:
Change Dir: /home/hainan/Dropbox/Graphics/assistance/Wave-CPP/CMakeFiles/CMakeTmp

Run Build Command:/usr/bin/make "cmTryCompileExec307418678/fast"
/usr/bin/make -f CMakeFiles/cmTryCompileExec307418678.dir/build.make CMakeFiles/cmTryCompileExec307418678.dir/build
make[1]: Entering directory `/home/hainan/Dropbox/Graphics/assistance/Wave-CPP/CMakeFiles/CMakeTmp'
/usr/bin/cmake -E cmake_progress_report /home/hainan/Dropbox/Graphics/assistance/Wave-CPP/CMakeFiles/CMakeTmp/CMakeFiles 1
Building CXX object CMakeFiles/cmTryCompileExec307418678.dir/src.cxx.o
/usr/bin/c++    -DCXX11_FLAG_DETECTED -std=c++0x   -o CMakeFiles/cmTryCompileExec307418678.dir/src.cxx.o -c /home/hainan/Dropbox/Graphics/assistance/Wave-CPP/CMakeFiles/CMakeTmp/src.cxx
Linking CXX executable cmTryCompileExec307418678
/usr/bin/cmake -E cmake_link_script CMakeFiles/cmTryCompileExec307418678.dir/link.txt --verbose=1
/usr/bin/c++      -DCXX11_FLAG_DETECTED -std=c++0x    CMakeFiles/cmTryCompileExec307418678.dir/src.cxx.o  -o cmTryCompileExec307418678 -rdynamic 
make[1]: Leaving directory `/home/hainan/Dropbox/Graphics/assistance/Wave-CPP/CMakeFiles/CMakeTmp'

Source file was:

class Matrix
{
public:
    Matrix(int a, int b, int c, int d)
        : data {a, b, c, d}
    {}

private:
    int data[4];
};

int main()
{
    int n[] {4,7,6,1,2};
    for (auto i : n)
        Matrix mat (3,5,1,2);
    return 0;
}

Determining if the function XOpenDisplay exists in the /usr/lib/x86_64-linux-gnu/libX11.so;/usr/lib/x86_64-linux-gnu/libXext.so passed with the following output:
Change Dir: /home/hainan/Dropbox/Graphics/assistance/Wave-CPP/CMakeFiles/CMakeTmp

Run Build Command:/usr/bin/make "cmTryCompileExec1927298529/fast"
/usr/bin/make -f CMakeFiles/cmTryCompileExec1927298529.dir/build.make CMakeFiles/cmTryCompileExec1927298529.dir/build
make[1]: Entering directory `/home/hainan/Dropbox/Graphics/assistance/Wave-CPP/CMakeFiles/CMakeTmp'
/usr/bin/cmake -E cmake_progress_report /home/hainan/Dropbox/Graphics/assistance/Wave-CPP/CMakeFiles/CMakeTmp/CMakeFiles 1
Building C object CMakeFiles/cmTryCompileExec1927298529.dir/CheckFunctionExists.c.o
/usr/bin/cc   -DCHECK_FUNCTION_EXISTS=XOpenDisplay   -o CMakeFiles/cmTryCompileExec1927298529.dir/CheckFunctionExists.c.o   -c /usr/share/cmake-2.8/Modules/CheckFunctionExists.c
Linking C executable cmTryCompileExec1927298529
/usr/bin/cmake -E cmake_link_script CMakeFiles/cmTryCompileExec1927298529.dir/link.txt --verbose=1
/usr/bin/cc     -DCHECK_FUNCTION_EXISTS=XOpenDisplay    CMakeFiles/cmTryCompileExec1927298529.dir/CheckFunctionExists.c.o  -o cmTryCompileExec1927298529 -rdynamic -lX11 -lXext 
make[1]: Leaving directory `/home/hainan/Dropbox/Graphics/assistance/Wave-CPP/CMakeFiles/CMakeTmp'


Determining if the function gethostbyname exists passed with the following output:
Change Dir: /home/hainan/Dropbox/Graphics/assistance/Wave-CPP/CMakeFiles/CMakeTmp

Run Build Command:/usr/bin/make "cmTryCompileExec2067954650/fast"
/usr/bin/make -f CMakeFiles/cmTryCompileExec2067954650.dir/build.make CMakeFiles/cmTryCompileExec2067954650.dir/build
make[1]: Entering directory `/home/hainan/Dropbox/Graphics/assistance/Wave-CPP/CMakeFiles/CMakeTmp'
/usr/bin/cmake -E cmake_progress_report /home/hainan/Dropbox/Graphics/assistance/Wave-CPP/CMakeFiles/CMakeTmp/CMakeFiles 1
Building C object CMakeFiles/cmTryCompileExec2067954650.dir/CheckFunctionExists.c.o
/usr/bin/cc   -DCHECK_FUNCTION_EXISTS=gethostbyname   -o CMakeFiles/cmTryCompileExec2067954650.dir/CheckFunctionExists.c.o   -c /usr/share/cmake-2.8/Modules/CheckFunctionExists.c
Linking C executable cmTryCompileExec2067954650
/usr/bin/cmake -E cmake_link_script CMakeFiles/cmTryCompileExec2067954650.dir/link.txt --verbose=1
/usr/bin/cc     -DCHECK_FUNCTION_EXISTS=gethostbyname    CMakeFiles/cmTryCompileExec2067954650.dir/CheckFunctionExists.c.o  -o cmTryCompileExec2067954650 -rdynamic 
make[1]: Leaving directory `/home/hainan/Dropbox/Graphics/assistance/Wave-CPP/CMakeFiles/CMakeTmp'


Determining if the function connect exists passed with the following output:
Change Dir: /home/hainan/Dropbox/Graphics/assistance/Wave-CPP/CMakeFiles/CMakeTmp

Run Build Command:/usr/bin/make "cmTryCompileExec2170445600/fast"
/usr/bin/make -f CMakeFiles/cmTryCompileExec2170445600.dir/build.make CMakeFiles/cmTryCompileExec2170445600.dir/build
make[1]: Entering directory `/home/hainan/Dropbox/Graphics/assistance/Wave-CPP/CMakeFiles/CMakeTmp'
/usr/bin/cmake -E cmake_progress_report /home/hainan/Dropbox/Graphics/assistance/Wave-CPP/CMakeFiles/CMakeTmp/CMakeFiles 1
Building C object CMakeFiles/cmTryCompileExec2170445600.dir/CheckFunctionExists.c.o
/usr/bin/cc   -DCHECK_FUNCTION_EXISTS=connect   -o CMakeFiles/cmTryCompileExec2170445600.dir/CheckFunctionExists.c.o   -c /usr/share/cmake-2.8/Modules/CheckFunctionExists.c
Linking C executable cmTryCompileExec2170445600
/usr/bin/cmake -E cmake_link_script CMakeFiles/cmTryCompileExec2170445600.dir/link.txt --verbose=1
/usr/bin/cc     -DCHECK_FUNCTION_EXISTS=connect    CMakeFiles/cmTryCompileExec2170445600.dir/CheckFunctionExists.c.o  -o cmTryCompileExec2170445600 -rdynamic 
make[1]: Leaving directory `/home/hainan/Dropbox/Graphics/assistance/Wave-CPP/CMakeFiles/CMakeTmp'


Determining if the function remove exists passed with the following output:
Change Dir: /home/hainan/Dropbox/Graphics/assistance/Wave-CPP/CMakeFiles/CMakeTmp

Run Build Command:/usr/bin/make "cmTryCompileExec1557995089/fast"
/usr/bin/make -f CMakeFiles/cmTryCompileExec1557995089.dir/build.make CMakeFiles/cmTryCompileExec1557995089.dir/build
make[1]: Entering directory `/home/hainan/Dropbox/Graphics/assistance/Wave-CPP/CMakeFiles/CMakeTmp'
/usr/bin/cmake -E cmake_progress_report /home/hainan/Dropbox/Graphics/assistance/Wave-CPP/CMakeFiles/CMakeTmp/CMakeFiles 1
Building C object CMakeFiles/cmTryCompileExec1557995089.dir/CheckFunctionExists.c.o
/usr/bin/cc   -DCHECK_FUNCTION_EXISTS=remove   -o CMakeFiles/cmTryCompileExec1557995089.dir/CheckFunctionExists.c.o   -c /usr/share/cmake-2.8/Modules/CheckFunctionExists.c
Linking C executable cmTryCompileExec1557995089
/usr/bin/cmake -E cmake_link_script CMakeFiles/cmTryCompileExec1557995089.dir/link.txt --verbose=1
/usr/bin/cc     -DCHECK_FUNCTION_EXISTS=remove    CMakeFiles/cmTryCompileExec1557995089.dir/CheckFunctionExists.c.o  -o cmTryCompileExec1557995089 -rdynamic 
make[1]: Leaving directory `/home/hainan/Dropbox/Graphics/assistance/Wave-CPP/CMakeFiles/CMakeTmp'


Determining if the function shmat exists passed with the following output:
Change Dir: /home/hainan/Dropbox/Graphics/assistance/Wave-CPP/CMakeFiles/CMakeTmp

Run Build Command:/usr/bin/make "cmTryCompileExec837646912/fast"
/usr/bin/make -f CMakeFiles/cmTryCompileExec837646912.dir/build.make CMakeFiles/cmTryCompileExec837646912.dir/build
make[1]: Entering directory `/home/hainan/Dropbox/Graphics/assistance/Wave-CPP/CMakeFiles/CMakeTmp'
/usr/bin/cmake -E cmake_progress_report /home/hainan/Dropbox/Graphics/assistance/Wave-CPP/CMakeFiles/CMakeTmp/CMakeFiles 1
Building C object CMakeFiles/cmTryCompileExec837646912.dir/CheckFunctionExists.c.o
/usr/bin/cc   -DCHECK_FUNCTION_EXISTS=shmat   -o CMakeFiles/cmTryCompileExec837646912.dir/CheckFunctionExists.c.o   -c /usr/share/cmake-2.8/Modules/CheckFunctionExists.c
Linking C executable cmTryCompileExec837646912
/usr/bin/cmake -E cmake_link_script CMakeFiles/cmTryCompileExec837646912.dir/link.txt --verbose=1
/usr/bin/cc     -DCHECK_FUNCTION_EXISTS=shmat    CMakeFiles/cmTryCompileExec837646912.dir/CheckFunctionExists.c.o  -o cmTryCompileExec837646912 -rdynamic 
make[1]: Leaving directory `/home/hainan/Dropbox/Graphics/assistance/Wave-CPP/CMakeFiles/CMakeTmp'


Determining if the function IceConnectionNumber exists in the ICE passed with the following output:
Change Dir: /home/hainan/Dropbox/Graphics/assistance/Wave-CPP/CMakeFiles/CMakeTmp

Run Build Command:/usr/bin/make "cmTryCompileExec3362059863/fast"
/usr/bin/make -f CMakeFiles/cmTryCompileExec3362059863.dir/build.make CMakeFiles/cmTryCompileExec3362059863.dir/build
make[1]: Entering directory `/home/hainan/Dropbox/Graphics/assistance/Wave-CPP/CMakeFiles/CMakeTmp'
/usr/bin/cmake -E cmake_progress_report /home/hainan/Dropbox/Graphics/assistance/Wave-CPP/CMakeFiles/CMakeTmp/CMakeFiles 1
Building C object CMakeFiles/cmTryCompileExec3362059863.dir/CheckFunctionExists.c.o
/usr/bin/cc   -DCHECK_FUNCTION_EXISTS=IceConnectionNumber   -o CMakeFiles/cmTryCompileExec3362059863.dir/CheckFunctionExists.c.o   -c /usr/share/cmake-2.8/Modules/CheckFunctionExists.c
Linking C executable cmTryCompileExec3362059863
/usr/bin/cmake -E cmake_link_script CMakeFiles/cmTryCompileExec3362059863.dir/link.txt --verbose=1
/usr/bin/cc     -DCHECK_FUNCTION_EXISTS=IceConnectionNumber    CMakeFiles/cmTryCompileExec3362059863.dir/CheckFunctionExists.c.o  -o cmTryCompileExec3362059863 -rdynamic -lICE 
make[1]: Leaving directory `/home/hainan/Dropbox/Graphics/assistance/Wave-CPP/CMakeFiles/CMakeTmp'


Determining if files pthread.h exist passed with the following output:
Change Dir: /home/hainan/Dropbox/Graphics/assistance/Wave-CPP/CMakeFiles/CMakeTmp

Run Build Command:/usr/bin/make "cmTryCompileExec519218622/fast"
/usr/bin/make -f CMakeFiles/cmTryCompileExec519218622.dir/build.make CMakeFiles/cmTryCompileExec519218622.dir/build
make[1]: Entering directory `/home/hainan/Dropbox/Graphics/assistance/Wave-CPP/CMakeFiles/CMakeTmp'
/usr/bin/cmake -E cmake_progress_report /home/hainan/Dropbox/Graphics/assistance/Wave-CPP/CMakeFiles/CMakeTmp/CMakeFiles 1
Building C object CMakeFiles/cmTryCompileExec519218622.dir/CheckIncludeFiles.c.o
/usr/bin/cc    -o CMakeFiles/cmTryCompileExec519218622.dir/CheckIncludeFiles.c.o   -c /home/hainan/Dropbox/Graphics/assistance/Wave-CPP/CMakeFiles/CMakeTmp/CheckIncludeFiles.c
Linking C executable cmTryCompileExec519218622
/usr/bin/cmake -E cmake_link_script CMakeFiles/cmTryCompileExec519218622.dir/link.txt --verbose=1
/usr/bin/cc         CMakeFiles/cmTryCompileExec519218622.dir/CheckIncludeFiles.c.o  -o cmTryCompileExec519218622 -rdynamic 
make[1]: Leaving directory `/home/hainan/Dropbox/Graphics/assistance/Wave-CPP/CMakeFiles/CMakeTmp'


Determining if the function pthread_create exists in the pthread passed with the following output:
Change Dir: /home/hainan/Dropbox/Graphics/assistance/Wave-CPP/CMakeFiles/CMakeTmp

Run Build Command:/usr/bin/make "cmTryCompileExec246079301/fast"
/usr/bin/make -f CMakeFiles/cmTryCompileExec246079301.dir/build.make CMakeFiles/cmTryCompileExec246079301.dir/build
make[1]: Entering directory `/home/hainan/Dropbox/Graphics/assistance/Wave-CPP/CMakeFiles/CMakeTmp'
/usr/bin/cmake -E cmake_progress_report /home/hainan/Dropbox/Graphics/assistance/Wave-CPP/CMakeFiles/CMakeTmp/CMakeFiles 1
Building C object CMakeFiles/cmTryCompileExec246079301.dir/CheckFunctionExists.c.o
/usr/bin/cc   -DCHECK_FUNCTION_EXISTS=pthread_create   -o CMakeFiles/cmTryCompileExec246079301.dir/CheckFunctionExists.c.o   -c /usr/share/cmake-2.8/Modules/CheckFunctionExists.c
Linking C executable cmTryCompileExec246079301
/usr/bin/cmake -E cmake_link_script CMakeFiles/cmTryCompileExec246079301.dir/link.txt --verbose=1
/usr/bin/cc     -DCHECK_FUNCTION_EXISTS=pthread_create    CMakeFiles/cmTryCompileExec246079301.dir/CheckFunctionExists.c.o  -o cmTryCompileExec246079301 -rdynamic -lpthread 
make[1]: Leaving directory `/home/hainan/Dropbox/Graphics/assistance/Wave-CPP/CMakeFiles/CMakeTmp'


Determining if the function glXGetProcAddress exists passed with the following output:
Change Dir: /home/hainan/Dropbox/Graphics/assistance/Wave-CPP/CMakeFiles/CMakeTmp

Run Build Command:/usr/bin/make "cmTryCompileExec3723519666/fast"
/usr/bin/make -f CMakeFiles/cmTryCompileExec3723519666.dir/build.make CMakeFiles/cmTryCompileExec3723519666.dir/build
make[1]: Entering directory `/home/hainan/Dropbox/Graphics/assistance/Wave-CPP/CMakeFiles/CMakeTmp'
/usr/bin/cmake -E cmake_progress_report /home/hainan/Dropbox/Graphics/assistance/Wave-CPP/CMakeFiles/CMakeTmp/CMakeFiles 1
Building C object CMakeFiles/cmTryCompileExec3723519666.dir/CheckFunctionExists.c.o
/usr/bin/cc   -DCHECK_FUNCTION_EXISTS=glXGetProcAddress   -o CMakeFiles/cmTryCompileExec3723519666.dir/CheckFunctionExists.c.o   -c /usr/share/cmake-2.8/Modules/CheckFunctionExists.c
Linking C executable cmTryCompileExec3723519666
/usr/bin/cmake -E cmake_link_script CMakeFiles/cmTryCompileExec3723519666.dir/link.txt --verbose=1
/usr/bin/cc     -DCHECK_FUNCTION_EXISTS=glXGetProcAddress    CMakeFiles/cmTryCompileExec3723519666.dir/CheckFunctionExists.c.o  -o cmTryCompileExec3723519666 -rdynamic -lGL 
make[1]: Leaving directory `/home/hainan/Dropbox/Graphics/assistance/Wave-CPP/CMakeFiles/CMakeTmp'


Determining if the function glXGetProcAddressARB exists passed with the following output:
Change Dir: /home/hainan/Dropbox/Graphics/assistance/Wave-CPP/CMakeFiles/CMakeTmp

Run Build Command:/usr/bin/make "cmTryCompileExec4196702761/fast"
/usr/bin/make -f CMakeFiles/cmTryCompileExec4196702761.dir/build.make CMakeFiles/cmTryCompileExec4196702761.dir/build
make[1]: Entering directory `/home/hainan/Dropbox/Graphics/assistance/Wave-CPP/CMakeFiles/CMakeTmp'
/usr/bin/cmake -E cmake_progress_report /home/hainan/Dropbox/Graphics/assistance/Wave-CPP/CMakeFiles/CMakeTmp/CMakeFiles 1
Building C object CMakeFiles/cmTryCompileExec4196702761.dir/CheckFunctionExists.c.o
/usr/bin/cc   -DCHECK_FUNCTION_EXISTS=glXGetProcAddressARB   -o CMakeFiles/cmTryCompileExec4196702761.dir/CheckFunctionExists.c.o   -c /usr/share/cmake-2.8/Modules/CheckFunctionExists.c
Linking C executable cmTryCompileExec4196702761
/usr/bin/cmake -E cmake_link_script CMakeFiles/cmTryCompileExec4196702761.dir/link.txt --verbose=1
/usr/bin/cc     -DCHECK_FUNCTION_EXISTS=glXGetProcAddressARB    CMakeFiles/cmTryCompileExec4196702761.dir/CheckFunctionExists.c.o  -o cmTryCompileExec4196702761 -rdynamic -lGL 
make[1]: Leaving directory `/home/hainan/Dropbox/Graphics/assistance/Wave-CPP/CMakeFiles/CMakeTmp'


Performing C++ SOURCE FILE Test CXX11_FLAG_DETECTED succeded with the following output:
Change Dir: /home/hainan/Dropbox/Graphics/assistance/Wave-CPP/CMakeFiles/CMakeTmp

Run Build Command:/usr/bin/make "cmTryCompileExec966332186/fast"
/usr/bin/make -f CMakeFiles/cmTryCompileExec966332186.dir/build.make CMakeFiles/cmTryCompileExec966332186.dir/build
make[1]: Entering directory `/home/hainan/Dropbox/Graphics/assistance/Wave-CPP/CMakeFiles/CMakeTmp'
/usr/bin/cmake -E cmake_progress_report /home/hainan/Dropbox/Graphics/assistance/Wave-CPP/CMakeFiles/CMakeTmp/CMakeFiles 1
Building CXX object CMakeFiles/cmTryCompileExec966332186.dir/src.cxx.o
/usr/bin/c++    -DCXX11_FLAG_DETECTED -std=c++0x   -o CMakeFiles/cmTryCompileExec966332186.dir/src.cxx.o -c /home/hainan/Dropbox/Graphics/assistance/Wave-CPP/CMakeFiles/CMakeTmp/src.cxx
Linking CXX executable cmTryCompileExec966332186
/usr/bin/cmake -E cmake_link_script CMakeFiles/cmTryCompileExec966332186.dir/link.txt --verbose=1
/usr/bin/c++      -DCXX11_FLAG_DETECTED -std=c++0x    CMakeFiles/cmTryCompileExec966332186.dir/src.cxx.o  -o cmTryCompileExec966332186 -rdynamic 
make[1]: Leaving directory `/home/hainan/Dropbox/Graphics/assistance/Wave-CPP/CMakeFiles/CMakeTmp'

Source file was:

class Matrix
{
public:
    Matrix(int a, int b, int c, int d)
        : data {a, b, c, d}
    {}

private:
    int data[4];
};

int main()
{
    int n[] {4,7,6,1,2};
    for (auto i : n)
        Matrix mat (3,5,1,2);
    return 0;
}

Determining if the function XOpenDisplay exists in the /usr/lib/x86_64-linux-gnu/libX11.so;/usr/lib/x86_64-linux-gnu/libXext.so passed with the following output:
Change Dir: /home/hainan/Dropbox/Graphics/assistance/Wave-CPP/CMakeFiles/CMakeTmp

Run Build Command:/usr/bin/make "cmTryCompileExec4037866316/fast"
/usr/bin/make -f CMakeFiles/cmTryCompileExec4037866316.dir/build.make CMakeFiles/cmTryCompileExec4037866316.dir/build
make[1]: Entering directory `/home/hainan/Dropbox/Graphics/assistance/Wave-CPP/CMakeFiles/CMakeTmp'
/usr/bin/cmake -E cmake_progress_report /home/hainan/Dropbox/Graphics/assistance/Wave-CPP/CMakeFiles/CMakeTmp/CMakeFiles 1
Building C object CMakeFiles/cmTryCompileExec4037866316.dir/CheckFunctionExists.c.o
/usr/bin/cc   -DCHECK_FUNCTION_EXISTS=XOpenDisplay   -o CMakeFiles/cmTryCompileExec4037866316.dir/CheckFunctionExists.c.o   -c /usr/share/cmake-2.8/Modules/CheckFunctionExists.c
Linking C executable cmTryCompileExec4037866316
/usr/bin/cmake -E cmake_link_script CMakeFiles/cmTryCompileExec4037866316.dir/link.txt --verbose=1
/usr/bin/cc     -DCHECK_FUNCTION_EXISTS=XOpenDisplay    CMakeFiles/cmTryCompileExec4037866316.dir/CheckFunctionExists.c.o  -o cmTryCompileExec4037866316 -rdynamic -lX11 -lXext 
make[1]: Leaving directory `/home/hainan/Dropbox/Graphics/assistance/Wave-CPP/CMakeFiles/CMakeTmp'


Determining if the function gethostbyname exists passed with the following output:
Change Dir: /home/hainan/Dropbox/Graphics/assistance/Wave-CPP/CMakeFiles/CMakeTmp

Run Build Command:/usr/bin/make "cmTryCompileExec1760257534/fast"
/usr/bin/make -f CMakeFiles/cmTryCompileExec1760257534.dir/build.make CMakeFiles/cmTryCompileExec1760257534.dir/build
make[1]: Entering directory `/home/hainan/Dropbox/Graphics/assistance/Wave-CPP/CMakeFiles/CMakeTmp'
/usr/bin/cmake -E cmake_progress_report /home/hainan/Dropbox/Graphics/assistance/Wave-CPP/CMakeFiles/CMakeTmp/CMakeFiles 1
Building C object CMakeFiles/cmTryCompileExec1760257534.dir/CheckFunctionExists.c.o
/usr/bin/cc   -DCHECK_FUNCTION_EXISTS=gethostbyname   -o CMakeFiles/cmTryCompileExec1760257534.dir/CheckFunctionExists.c.o   -c /usr/share/cmake-2.8/Modules/CheckFunctionExists.c
Linking C executable cmTryCompileExec1760257534
/usr/bin/cmake -E cmake_link_script CMakeFiles/cmTryCompileExec1760257534.dir/link.txt --verbose=1
/usr/bin/cc     -DCHECK_FUNCTION_EXISTS=gethostbyname    CMakeFiles/cmTryCompileExec1760257534.dir/CheckFunctionExists.c.o  -o cmTryCompileExec1760257534 -rdynamic 
make[1]: Leaving directory `/home/hainan/Dropbox/Graphics/assistance/Wave-CPP/CMakeFiles/CMakeTmp'


Determining if the function connect exists passed with the following output:
Change Dir: /home/hainan/Dropbox/Graphics/assistance/Wave-CPP/CMakeFiles/CMakeTmp

Run Build Command:/usr/bin/make "cmTryCompileExec1838438903/fast"
/usr/bin/make -f CMakeFiles/cmTryCompileExec1838438903.dir/build.make CMakeFiles/cmTryCompileExec1838438903.dir/build
make[1]: Entering directory `/home/hainan/Dropbox/Graphics/assistance/Wave-CPP/CMakeFiles/CMakeTmp'
/usr/bin/cmake -E cmake_progress_report /home/hainan/Dropbox/Graphics/assistance/Wave-CPP/CMakeFiles/CMakeTmp/CMakeFiles 1
Building C object CMakeFiles/cmTryCompileExec1838438903.dir/CheckFunctionExists.c.o
/usr/bin/cc   -DCHECK_FUNCTION_EXISTS=connect   -o CMakeFiles/cmTryCompileExec1838438903.dir/CheckFunctionExists.c.o   -c /usr/share/cmake-2.8/Modules/CheckFunctionExists.c
Linking C executable cmTryCompileExec1838438903
/usr/bin/cmake -E cmake_link_script CMakeFiles/cmTryCompileExec1838438903.dir/link.txt --verbose=1
/usr/bin/cc     -DCHECK_FUNCTION_EXISTS=connect    CMakeFiles/cmTryCompileExec1838438903.dir/CheckFunctionExists.c.o  -o cmTryCompileExec1838438903 -rdynamic 
make[1]: Leaving directory `/home/hainan/Dropbox/Graphics/assistance/Wave-CPP/CMakeFiles/CMakeTmp'


Determining if the function remove exists passed with the following output:
Change Dir: /home/hainan/Dropbox/Graphics/assistance/Wave-CPP/CMakeFiles/CMakeTmp

Run Build Command:/usr/bin/make "cmTryCompileExec523516437/fast"
/usr/bin/make -f CMakeFiles/cmTryCompileExec523516437.dir/build.make CMakeFiles/cmTryCompileExec523516437.dir/build
make[1]: Entering directory `/home/hainan/Dropbox/Graphics/assistance/Wave-CPP/CMakeFiles/CMakeTmp'
/usr/bin/cmake -E cmake_progress_report /home/hainan/Dropbox/Graphics/assistance/Wave-CPP/CMakeFiles/CMakeTmp/CMakeFiles 1
Building C object CMakeFiles/cmTryCompileExec523516437.dir/CheckFunctionExists.c.o
/usr/bin/cc   -DCHECK_FUNCTION_EXISTS=remove   -o CMakeFiles/cmTryCompileExec523516437.dir/CheckFunctionExists.c.o   -c /usr/share/cmake-2.8/Modules/CheckFunctionExists.c
Linking C executable cmTryCompileExec523516437
/usr/bin/cmake -E cmake_link_script CMakeFiles/cmTryCompileExec523516437.dir/link.txt --verbose=1
/usr/bin/cc     -DCHECK_FUNCTION_EXISTS=remove    CMakeFiles/cmTryCompileExec523516437.dir/CheckFunctionExists.c.o  -o cmTryCompileExec523516437 -rdynamic 
make[1]: Leaving directory `/home/hainan/Dropbox/Graphics/assistance/Wave-CPP/CMakeFiles/CMakeTmp'


Determining if the function shmat exists passed with the following output:
Change Dir: /home/hainan/Dropbox/Graphics/assistance/Wave-CPP/CMakeFiles/CMakeTmp

Run Build Command:/usr/bin/make "cmTryCompileExec302169995/fast"
/usr/bin/make -f CMakeFiles/cmTryCompileExec302169995.dir/build.make CMakeFiles/cmTryCompileExec302169995.dir/build
make[1]: Entering directory `/home/hainan/Dropbox/Graphics/assistance/Wave-CPP/CMakeFiles/CMakeTmp'
/usr/bin/cmake -E cmake_progress_report /home/hainan/Dropbox/Graphics/assistance/Wave-CPP/CMakeFiles/CMakeTmp/CMakeFiles 1
Building C object CMakeFiles/cmTryCompileExec302169995.dir/CheckFunctionExists.c.o
/usr/bin/cc   -DCHECK_FUNCTION_EXISTS=shmat   -o CMakeFiles/cmTryCompileExec302169995.dir/CheckFunctionExists.c.o   -c /usr/share/cmake-2.8/Modules/CheckFunctionExists.c
Linking C executable cmTryCompileExec302169995
/usr/bin/cmake -E cmake_link_script CMakeFiles/cmTryCompileExec302169995.dir/link.txt --verbose=1
/usr/bin/cc     -DCHECK_FUNCTION_EXISTS=shmat    CMakeFiles/cmTryCompileExec302169995.dir/CheckFunctionExists.c.o  -o cmTryCompileExec302169995 -rdynamic 
make[1]: Leaving directory `/home/hainan/Dropbox/Graphics/assistance/Wave-CPP/CMakeFiles/CMakeTmp'


Determining if the function IceConnectionNumber exists in the ICE passed with the following output:
Change Dir: /home/hainan/Dropbox/Graphics/assistance/Wave-CPP/CMakeFiles/CMakeTmp

Run Build Command:/usr/bin/make "cmTryCompileExec2136312635/fast"
/usr/bin/make -f CMakeFiles/cmTryCompileExec2136312635.dir/build.make CMakeFiles/cmTryCompileExec2136312635.dir/build
make[1]: Entering directory `/home/hainan/Dropbox/Graphics/assistance/Wave-CPP/CMakeFiles/CMakeTmp'
/usr/bin/cmake -E cmake_progress_report /home/hainan/Dropbox/Graphics/assistance/Wave-CPP/CMakeFiles/CMakeTmp/CMakeFiles 1
Building C object CMakeFiles/cmTryCompileExec2136312635.dir/CheckFunctionExists.c.o
/usr/bin/cc   -DCHECK_FUNCTION_EXISTS=IceConnectionNumber   -o CMakeFiles/cmTryCompileExec2136312635.dir/CheckFunctionExists.c.o   -c /usr/share/cmake-2.8/Modules/CheckFunctionExists.c
Linking C executable cmTryCompileExec2136312635
/usr/bin/cmake -E cmake_link_script CMakeFiles/cmTryCompileExec2136312635.dir/link.txt --verbose=1
/usr/bin/cc     -DCHECK_FUNCTION_EXISTS=IceConnectionNumber    CMakeFiles/cmTryCompileExec2136312635.dir/CheckFunctionExists.c.o  -o cmTryCompileExec2136312635 -rdynamic -lICE 
make[1]: Leaving directory `/home/hainan/Dropbox/Graphics/assistance/Wave-CPP/CMakeFiles/CMakeTmp'


Determining if files pthread.h exist passed with the following output:
Change Dir: /home/hainan/Dropbox/Graphics/assistance/Wave-CPP/CMakeFiles/CMakeTmp

Run Build Command:/usr/bin/make "cmTryCompileExec3924406701/fast"
/usr/bin/make -f CMakeFiles/cmTryCompileExec3924406701.dir/build.make CMakeFiles/cmTryCompileExec3924406701.dir/build
make[1]: Entering directory `/home/hainan/Dropbox/Graphics/assistance/Wave-CPP/CMakeFiles/CMakeTmp'
/usr/bin/cmake -E cmake_progress_report /home/hainan/Dropbox/Graphics/assistance/Wave-CPP/CMakeFiles/CMakeTmp/CMakeFiles 1
Building C object CMakeFiles/cmTryCompileExec3924406701.dir/CheckIncludeFiles.c.o
/usr/bin/cc    -o CMakeFiles/cmTryCompileExec3924406701.dir/CheckIncludeFiles.c.o   -c /home/hainan/Dropbox/Graphics/assistance/Wave-CPP/CMakeFiles/CMakeTmp/CheckIncludeFiles.c
Linking C executable cmTryCompileExec3924406701
/usr/bin/cmake -E cmake_link_script CMakeFiles/cmTryCompileExec3924406701.dir/link.txt --verbose=1
/usr/bin/cc         CMakeFiles/cmTryCompileExec3924406701.dir/CheckIncludeFiles.c.o  -o cmTryCompileExec3924406701 -rdynamic 
make[1]: Leaving directory `/home/hainan/Dropbox/Graphics/assistance/Wave-CPP/CMakeFiles/CMakeTmp'


Determining if the function pthread_create exists in the pthread passed with the following output:
Change Dir: /home/hainan/Dropbox/Graphics/assistance/Wave-CPP/CMakeFiles/CMakeTmp

Run Build Command:/usr/bin/make "cmTryCompileExec2471090893/fast"
/usr/bin/make -f CMakeFiles/cmTryCompileExec2471090893.dir/build.make CMakeFiles/cmTryCompileExec2471090893.dir/build
make[1]: Entering directory `/home/hainan/Dropbox/Graphics/assistance/Wave-CPP/CMakeFiles/CMakeTmp'
/usr/bin/cmake -E cmake_progress_report /home/hainan/Dropbox/Graphics/assistance/Wave-CPP/CMakeFiles/CMakeTmp/CMakeFiles 1
Building C object CMakeFiles/cmTryCompileExec2471090893.dir/CheckFunctionExists.c.o
/usr/bin/cc   -DCHECK_FUNCTION_EXISTS=pthread_create   -o CMakeFiles/cmTryCompileExec2471090893.dir/CheckFunctionExists.c.o   -c /usr/share/cmake-2.8/Modules/CheckFunctionExists.c
Linking C executable cmTryCompileExec2471090893
/usr/bin/cmake -E cmake_link_script CMakeFiles/cmTryCompileExec2471090893.dir/link.txt --verbose=1
/usr/bin/cc     -DCHECK_FUNCTION_EXISTS=pthread_create    CMakeFiles/cmTryCompileExec2471090893.dir/CheckFunctionExists.c.o  -o cmTryCompileExec2471090893 -rdynamic -lpthread 
make[1]: Leaving directory `/home/hainan/Dropbox/Graphics/assistance/Wave-CPP/CMakeFiles/CMakeTmp'


Determining if the function glXGetProcAddress exists passed with the following output:
Change Dir: /home/hainan/Dropbox/Graphics/assistance/Wave-CPP/CMakeFiles/CMakeTmp

Run Build Command:/usr/bin/make "cmTryCompileExec682252018/fast"
/usr/bin/make -f CMakeFiles/cmTryCompileExec682252018.dir/build.make CMakeFiles/cmTryCompileExec682252018.dir/build
make[1]: Entering directory `/home/hainan/Dropbox/Graphics/assistance/Wave-CPP/CMakeFiles/CMakeTmp'
/usr/bin/cmake -E cmake_progress_report /home/hainan/Dropbox/Graphics/assistance/Wave-CPP/CMakeFiles/CMakeTmp/CMakeFiles 1
Building C object CMakeFiles/cmTryCompileExec682252018.dir/CheckFunctionExists.c.o
/usr/bin/cc   -DCHECK_FUNCTION_EXISTS=glXGetProcAddress   -o CMakeFiles/cmTryCompileExec682252018.dir/CheckFunctionExists.c.o   -c /usr/share/cmake-2.8/Modules/CheckFunctionExists.c
Linking C executable cmTryCompileExec682252018
/usr/bin/cmake -E cmake_link_script CMakeFiles/cmTryCompileExec682252018.dir/link.txt --verbose=1
/usr/bin/cc     -DCHECK_FUNCTION_EXISTS=glXGetProcAddress    CMakeFiles/cmTryCompileExec682252018.dir/CheckFunctionExists.c.o  -o cmTryCompileExec682252018 -rdynamic -lGL 
make[1]: Leaving directory `/home/hainan/Dropbox/Graphics/assistance/Wave-CPP/CMakeFiles/CMakeTmp'


Determining if the function glXGetProcAddressARB exists passed with the following output:
Change Dir: /home/hainan/Dropbox/Graphics/assistance/Wave-CPP/CMakeFiles/CMakeTmp

Run Build Command:/usr/bin/make "cmTryCompileExec2877620983/fast"
/usr/bin/make -f CMakeFiles/cmTryCompileExec2877620983.dir/build.make CMakeFiles/cmTryCompileExec2877620983.dir/build
make[1]: Entering directory `/home/hainan/Dropbox/Graphics/assistance/Wave-CPP/CMakeFiles/CMakeTmp'
/usr/bin/cmake -E cmake_progress_report /home/hainan/Dropbox/Graphics/assistance/Wave-CPP/CMakeFiles/CMakeTmp/CMakeFiles 1
Building C object CMakeFiles/cmTryCompileExec2877620983.dir/CheckFunctionExists.c.o
/usr/bin/cc   -DCHECK_FUNCTION_EXISTS=glXGetProcAddressARB   -o CMakeFiles/cmTryCompileExec2877620983.dir/CheckFunctionExists.c.o   -c /usr/share/cmake-2.8/Modules/CheckFunctionExists.c
Linking C executable cmTryCompileExec2877620983
/usr/bin/cmake -E cmake_link_script CMakeFiles/cmTryCompileExec2877620983.dir/link.txt --verbose=1
/usr/bin/cc     -DCHECK_FUNCTION_EXISTS=glXGetProcAddressARB    CMakeFiles/cmTryCompileExec2877620983.dir/CheckFunctionExists.c.o  -o cmTryCompileExec2877620983 -rdynamic -lGL 
make[1]: Leaving directory `/home/hainan/Dropbox/Graphics/assistance/Wave-CPP/CMakeFiles/CMakeTmp'


Performing C++ SOURCE FILE Test CXX11_FLAG_DETECTED succeded with the following output:
Change Dir: /home/hainan/Dropbox/Graphics/assistance/Wave-CPP/CMakeFiles/CMakeTmp

Run Build Command:/usr/bin/make "cmTryCompileExec2681240302/fast"
/usr/bin/make -f CMakeFiles/cmTryCompileExec2681240302.dir/build.make CMakeFiles/cmTryCompileExec2681240302.dir/build
make[1]: Entering directory `/home/hainan/Dropbox/Graphics/assistance/Wave-CPP/CMakeFiles/CMakeTmp'
/usr/bin/cmake -E cmake_progress_report /home/hainan/Dropbox/Graphics/assistance/Wave-CPP/CMakeFiles/CMakeTmp/CMakeFiles 1
Building CXX object CMakeFiles/cmTryCompileExec2681240302.dir/src.cxx.o
/usr/bin/c++    -DCXX11_FLAG_DETECTED -std=c++0x   -o CMakeFiles/cmTryCompileExec2681240302.dir/src.cxx.o -c /home/hainan/Dropbox/Graphics/assistance/Wave-CPP/CMakeFiles/CMakeTmp/src.cxx
Linking CXX executable cmTryCompileExec2681240302
/usr/bin/cmake -E cmake_link_script CMakeFiles/cmTryCompileExec2681240302.dir/link.txt --verbose=1
/usr/bin/c++      -DCXX11_FLAG_DETECTED -std=c++0x    CMakeFiles/cmTryCompileExec2681240302.dir/src.cxx.o  -o cmTryCompileExec2681240302 -rdynamic 
make[1]: Leaving directory `/home/hainan/Dropbox/Graphics/assistance/Wave-CPP/CMakeFiles/CMakeTmp'

Source file was:

class Matrix
{
public:
    Matrix(int a, int b, int c, int d)
        : data {a, b, c, d}
    {}

private:
    int data[4];
};

int main()
{
    int n[] {4,7,6,1,2};
    for (auto i : n)
        Matrix mat (3,5,1,2);
    return 0;
}

Performing C++ SOURCE FILE Test CXX11_FLAG_DETECTED succeded with the following output:
Change Dir: /home/hainan/Dropbox/Graphics/assistance/Wave-CPP/CMakeFiles/CMakeTmp

Run Build Command:/usr/bin/make "cmTryCompileExec798582336/fast"
make[1]: Entering directory `/home/hainan/Dropbox/Graphics/assistance/Wave-CPP/CMakeFiles/CMakeTmp'
/usr/bin/make -f CMakeFiles/cmTryCompileExec798582336.dir/build.make CMakeFiles/cmTryCompileExec798582336.dir/build
make[2]: Entering directory `/home/hainan/Dropbox/Graphics/assistance/Wave-CPP/CMakeFiles/CMakeTmp'
/usr/bin/cmake -E cmake_progress_report /home/hainan/Dropbox/Graphics/assistance/Wave-CPP/CMakeFiles/CMakeTmp/CMakeFiles 1
Building CXX object CMakeFiles/cmTryCompileExec798582336.dir/src.cxx.o
/usr/bin/c++    -DCXX11_FLAG_DETECTED -std=c++0x   -o CMakeFiles/cmTryCompileExec798582336.dir/src.cxx.o -c /home/hainan/Dropbox/Graphics/assistance/Wave-CPP/CMakeFiles/CMakeTmp/src.cxx
Linking CXX executable cmTryCompileExec798582336
/usr/bin/cmake -E cmake_link_script CMakeFiles/cmTryCompileExec798582336.dir/link.txt --verbose=1
/usr/bin/c++      -DCXX11_FLAG_DETECTED -std=c++0x    CMakeFiles/cmTryCompileExec798582336.dir/src.cxx.o  -o cmTryCompileExec798582336 -rdynamic 
make[2]: Leaving directory `/home/hainan/Dropbox/Graphics/assistance/Wave-CPP/CMakeFiles/CMakeTmp'
make[1]: Leaving directory `/home/hainan/Dropbox/Graphics/assistance/Wave-CPP/CMakeFiles/CMakeTmp'

Source file was:

class Matrix
{
public:
    Matrix(int a, int b, int c, int d)
        : data {a, b, c, d}
    {}

private:
    int data[4];
};

int main()
{
    int n[] {4,7,6,1,2};
    for (auto i : n)
        Matrix mat (3,5,1,2);
    return 0;
}

Performing C++ SOURCE FILE Test CXX11_FLAG_DETECTED succeded with the following output:
Change Dir: /home/hainan/Dropbox/Graphics/assistance/Wave-CPP/CMakeFiles/CMakeTmp

Run Build Command:/usr/bin/make "cmTryCompileExec1069350353/fast"
make[1]: Entering directory `/home/hainan/Dropbox/Graphics/assistance/Wave-CPP/CMakeFiles/CMakeTmp'
/usr/bin/make -f CMakeFiles/cmTryCompileExec1069350353.dir/build.make CMakeFiles/cmTryCompileExec1069350353.dir/build
make[2]: Entering directory `/home/hainan/Dropbox/Graphics/assistance/Wave-CPP/CMakeFiles/CMakeTmp'
/usr/bin/cmake -E cmake_progress_report /home/hainan/Dropbox/Graphics/assistance/Wave-CPP/CMakeFiles/CMakeTmp/CMakeFiles 1
Building CXX object CMakeFiles/cmTryCompileExec1069350353.dir/src.cxx.o
/usr/bin/c++    -DCXX11_FLAG_DETECTED -std=c++0x   -o CMakeFiles/cmTryCompileExec1069350353.dir/src.cxx.o -c /home/hainan/Dropbox/Graphics/assistance/Wave-CPP/CMakeFiles/CMakeTmp/src.cxx
Linking CXX executable cmTryCompileExec1069350353
/usr/bin/cmake -E cmake_link_script CMakeFiles/cmTryCompileExec1069350353.dir/link.txt --verbose=1
/usr/bin/c++      -DCXX11_FLAG_DETECTED -std=c++0x    CMakeFiles/cmTryCompileExec1069350353.dir/src.cxx.o  -o cmTryCompileExec1069350353 -rdynamic 
make[2]: Leaving directory `/home/hainan/Dropbox/Graphics/assistance/Wave-CPP/CMakeFiles/CMakeTmp'
make[1]: Leaving directory `/home/hainan/Dropbox/Graphics/assistance/Wave-CPP/CMakeFiles/CMakeTmp'

Source file was:

class Matrix
{
public:
    Matrix(int a, int b, int c, int d)
        : data {a, b, c, d}
    {}

private:
    int data[4];
};

int main()
{
    int n[] {4,7,6,1,2};
    for (auto i : n)
        Matrix mat (3,5,1,2);
    return 0;
}

